{"numFailedTestSuites":9,"numFailedTests":32,"numPassedTestSuites":1,"numPassedTests":53,"numPendingTestSuites":6,"numPendingTests":41,"numRuntimeErrorTestSuites":4,"numTodoTests":0,"numTotalTestSuites":16,"numTotalTests":126,"openHandles":[],"snapshot":{"added":0,"didUpdate":false,"failure":false,"filesAdded":0,"filesRemoved":0,"filesRemovedList":[],"filesUnmatched":0,"filesUpdated":0,"matched":0,"total":0,"unchecked":0,"uncheckedKeysByFile":[],"unmatched":0,"updated":0},"startTime":1755947081915,"success":false,"testResults":[{"assertionResults":[],"coverage":{},"endTime":1755947097950,"message":"  ● Test suite failed to run\n\n    \u001b[96m__tests__/tools/slackSendMessage.test.ts\u001b[0m:\u001b[93m33\u001b[0m:\u001b[93m22\u001b[0m - \u001b[91merror\u001b[0m\u001b[90m TS2339: \u001b[0mProperty 'toBeValidSlackResponse' does not exist on type 'JestMatchers<any>'.\n\n    \u001b[7m33\u001b[0m       expect(result).toBeValidSlackResponse();\n    \u001b[7m  \u001b[0m \u001b[91m                     ~~~~~~~~~~~~~~~~~~~~~~\u001b[0m\n    \u001b[96m__tests__/tools/slackSendMessage.test.ts\u001b[0m:\u001b[93m44\u001b[0m:\u001b[93m22\u001b[0m - \u001b[91merror\u001b[0m\u001b[90m TS2339: \u001b[0mProperty 'toBeValidSlackResponse' does not exist on type 'JestMatchers<any>'.\n\n    \u001b[7m44\u001b[0m       expect(result).toBeValidSlackResponse();\n    \u001b[7m  \u001b[0m \u001b[91m                     ~~~~~~~~~~~~~~~~~~~~~~\u001b[0m\n    \u001b[96m__tests__/tools/slackSendMessage.test.ts\u001b[0m:\u001b[93m54\u001b[0m:\u001b[93m22\u001b[0m - \u001b[91merror\u001b[0m\u001b[90m TS2339: \u001b[0mProperty 'toBeValidSlackResponse' does not exist on type 'JestMatchers<any>'.\n\n    \u001b[7m54\u001b[0m       expect(result).toBeValidSlackResponse();\n    \u001b[7m  \u001b[0m \u001b[91m                     ~~~~~~~~~~~~~~~~~~~~~~\u001b[0m\n    \u001b[96m__tests__/tools/slackSendMessage.test.ts\u001b[0m:\u001b[93m74\u001b[0m:\u001b[93m22\u001b[0m - \u001b[91merror\u001b[0m\u001b[90m TS2339: \u001b[0mProperty 'toBeValidSlackResponse' does not exist on type 'JestMatchers<any>'.\n\n    \u001b[7m74\u001b[0m       expect(result).toBeValidSlackResponse();\n    \u001b[7m  \u001b[0m \u001b[91m                     ~~~~~~~~~~~~~~~~~~~~~~\u001b[0m\n    \u001b[96m__tests__/tools/slackSendMessage.test.ts\u001b[0m:\u001b[93m75\u001b[0m:\u001b[93m22\u001b[0m - \u001b[91merror\u001b[0m\u001b[90m TS2339: \u001b[0mProperty 'toHaveExecutionTime' does not exist on type 'JestMatchers<any>'.\n\n    \u001b[7m75\u001b[0m       expect(result).toHaveExecutionTime(10000);\n    \u001b[7m  \u001b[0m \u001b[91m                     ~~~~~~~~~~~~~~~~~~~\u001b[0m\n    \u001b[96m__tests__/tools/slackSendMessage.test.ts\u001b[0m:\u001b[93m112\u001b[0m:\u001b[93m22\u001b[0m - \u001b[91merror\u001b[0m\u001b[90m TS2339: \u001b[0mProperty 'toBeValidSlackResponse' does not exist on type 'JestMatchers<any>'.\n\n    \u001b[7m112\u001b[0m       expect(result).toBeValidSlackResponse();\n    \u001b[7m   \u001b[0m \u001b[91m                     ~~~~~~~~~~~~~~~~~~~~~~\u001b[0m\n","name":"/home/ubuntu/mcp-slack-sdk/__tests__/tools/slackSendMessage.test.ts","startTime":1755947097950,"status":"failed","summary":""},{"assertionResults":[{"ancestorTitles":["Slack Set Status Integration Tests","Validation Tests"],"duration":null,"failureDetails":[],"failureMessages":[],"fullName":"Slack Set Status Integration Tests Validation Tests should reject empty arguments","invocations":1,"location":null,"numPassingAsserts":0,"retryReasons":[],"status":"pending","title":"should reject empty arguments"},{"ancestorTitles":["Slack Set Status Integration Tests","Validation Tests"],"duration":null,"failureDetails":[],"failureMessages":[],"fullName":"Slack Set Status Integration Tests Validation Tests should reject empty text","invocations":1,"location":null,"numPassingAsserts":0,"retryReasons":[],"status":"pending","title":"should reject empty text"},{"ancestorTitles":["Slack Set Status Integration Tests","Integration Tests"],"duration":null,"failureDetails":[],"failureMessages":[],"fullName":"Slack Set Status Integration Tests Integration Tests should set status successfully","invocations":1,"location":null,"numPassingAsserts":0,"retryReasons":[],"status":"pending","title":"should set status successfully"},{"ancestorTitles":["Slack Set Status Integration Tests","Integration Tests"],"duration":null,"failureDetails":[],"failureMessages":[],"fullName":"Slack Set Status Integration Tests Integration Tests should set status with expiration","invocations":1,"location":null,"numPassingAsserts":0,"retryReasons":[],"status":"pending","title":"should set status with expiration"},{"ancestorTitles":["Slack Set Status Integration Tests","Integration Tests"],"duration":null,"failureDetails":[],"failureMessages":[],"fullName":"Slack Set Status Integration Tests Integration Tests should clear status","invocations":1,"location":null,"numPassingAsserts":0,"retryReasons":[],"status":"pending","title":"should clear status"},{"ancestorTitles":["Slack Set Status Integration Tests","Edge Cases"],"duration":null,"failureDetails":[],"failureMessages":[],"fullName":"Slack Set Status Integration Tests Edge Cases should handle very long status text","invocations":1,"location":null,"numPassingAsserts":0,"retryReasons":[],"status":"pending","title":"should handle very long status text"},{"ancestorTitles":["Slack Set Status Integration Tests","Edge Cases"],"duration":null,"failureDetails":[],"failureMessages":[],"fullName":"Slack Set Status Integration Tests Edge Cases should handle custom emoji","invocations":1,"location":null,"numPassingAsserts":0,"retryReasons":[],"status":"pending","title":"should handle custom emoji"},{"ancestorTitles":["Slack Set Status Integration Tests","Edge Cases"],"duration":null,"failureDetails":[],"failureMessages":[],"fullName":"Slack Set Status Integration Tests Edge Cases should handle past expiration time","invocations":1,"location":null,"numPassingAsserts":0,"retryReasons":[],"status":"pending","title":"should handle past expiration time"}],"coverage":{},"endTime":1755947097950,"message":"","name":"/home/ubuntu/mcp-slack-sdk/__tests__/integration/slackSetStatus.integration.test.ts","startTime":1755947097950,"status":"skipped","summary":""},{"assertionResults":[{"ancestorTitles":["Slack Create Channel Integration Tests","Validation Tests"],"duration":null,"failureDetails":[],"failureMessages":[],"fullName":"Slack Create Channel Integration Tests Validation Tests should reject empty arguments","invocations":1,"location":null,"numPassingAsserts":0,"retryReasons":[],"status":"pending","title":"should reject empty arguments"},{"ancestorTitles":["Slack Create Channel Integration Tests","Validation Tests"],"duration":null,"failureDetails":[],"failureMessages":[],"fullName":"Slack Create Channel Integration Tests Validation Tests should reject empty name","invocations":1,"location":null,"numPassingAsserts":0,"retryReasons":[],"status":"pending","title":"should reject empty name"},{"ancestorTitles":["Slack Create Channel Integration Tests","Validation Tests"],"duration":null,"failureDetails":[],"failureMessages":[],"fullName":"Slack Create Channel Integration Tests Validation Tests should reject invalid channel name format","invocations":1,"location":null,"numPassingAsserts":0,"retryReasons":[],"status":"pending","title":"should reject invalid channel name format"},{"ancestorTitles":["Slack Create Channel Integration Tests","Integration Tests"],"duration":null,"failureDetails":[],"failureMessages":[],"fullName":"Slack Create Channel Integration Tests Integration Tests should create public channel successfully","invocations":1,"location":null,"numPassingAsserts":0,"retryReasons":[],"status":"pending","title":"should create public channel successfully"},{"ancestorTitles":["Slack Create Channel Integration Tests","Integration Tests"],"duration":null,"failureDetails":[],"failureMessages":[],"fullName":"Slack Create Channel Integration Tests Integration Tests should create private channel successfully","invocations":1,"location":null,"numPassingAsserts":0,"retryReasons":[],"status":"pending","title":"should create private channel successfully"},{"ancestorTitles":["Slack Create Channel Integration Tests","Integration Tests"],"duration":null,"failureDetails":[],"failureMessages":[],"fullName":"Slack Create Channel Integration Tests Integration Tests should handle duplicate channel name gracefully","invocations":1,"location":null,"numPassingAsserts":0,"retryReasons":[],"status":"pending","title":"should handle duplicate channel name gracefully"},{"ancestorTitles":["Slack Create Channel Integration Tests","Edge Cases"],"duration":null,"failureDetails":[],"failureMessages":[],"fullName":"Slack Create Channel Integration Tests Edge Cases should handle very long channel name","invocations":1,"location":null,"numPassingAsserts":0,"retryReasons":[],"status":"pending","title":"should handle very long channel name"},{"ancestorTitles":["Slack Create Channel Integration Tests","Edge Cases"],"duration":null,"failureDetails":[],"failureMessages":[],"fullName":"Slack Create Channel Integration Tests Edge Cases should handle channel name with invalid characters","invocations":1,"location":null,"numPassingAsserts":0,"retryReasons":[],"status":"pending","title":"should handle channel name with invalid characters"}],"coverage":{},"endTime":1755947097950,"message":"","name":"/home/ubuntu/mcp-slack-sdk/__tests__/integration/slackCreateChannel.integration.test.ts","startTime":1755947097950,"status":"skipped","summary":""},{"assertionResults":[{"ancestorTitles":["Slack Send Message Integration Tests","Validation Tests"],"duration":null,"failureDetails":[],"failureMessages":[],"fullName":"Slack Send Message Integration Tests Validation Tests should reject empty arguments","invocations":1,"location":null,"numPassingAsserts":0,"retryReasons":[],"status":"pending","title":"should reject empty arguments"},{"ancestorTitles":["Slack Send Message Integration Tests","Validation Tests"],"duration":null,"failureDetails":[],"failureMessages":[],"fullName":"Slack Send Message Integration Tests Validation Tests should reject empty channel","invocations":1,"location":null,"numPassingAsserts":0,"retryReasons":[],"status":"pending","title":"should reject empty channel"},{"ancestorTitles":["Slack Send Message Integration Tests","Validation Tests"],"duration":null,"failureDetails":[],"failureMessages":[],"fullName":"Slack Send Message Integration Tests Validation Tests should reject empty text","invocations":1,"location":null,"numPassingAsserts":0,"retryReasons":[],"status":"pending","title":"should reject empty text"},{"ancestorTitles":["Slack Send Message Integration Tests","Integration Tests"],"duration":null,"failureDetails":[],"failureMessages":[],"fullName":"Slack Send Message Integration Tests Integration Tests should send message successfully","invocations":1,"location":null,"numPassingAsserts":0,"retryReasons":[],"status":"pending","title":"should send message successfully"},{"ancestorTitles":["Slack Send Message Integration Tests","Integration Tests"],"duration":null,"failureDetails":[],"failureMessages":[],"fullName":"Slack Send Message Integration Tests Integration Tests should send message with thread reply","invocations":1,"location":null,"numPassingAsserts":0,"retryReasons":[],"status":"pending","title":"should send message with thread reply"},{"ancestorTitles":["Slack Send Message Integration Tests","Integration Tests"],"duration":null,"failureDetails":[],"failureMessages":[],"fullName":"Slack Send Message Integration Tests Integration Tests should handle non-existent channel gracefully","invocations":1,"location":null,"numPassingAsserts":0,"retryReasons":[],"status":"pending","title":"should handle non-existent channel gracefully"},{"ancestorTitles":["Slack Send Message Integration Tests","Edge Cases"],"duration":null,"failureDetails":[],"failureMessages":[],"fullName":"Slack Send Message Integration Tests Edge Cases should handle very long messages","invocations":1,"location":null,"numPassingAsserts":0,"retryReasons":[],"status":"pending","title":"should handle very long messages"},{"ancestorTitles":["Slack Send Message Integration Tests","Edge Cases"],"duration":null,"failureDetails":[],"failureMessages":[],"fullName":"Slack Send Message Integration Tests Edge Cases should handle messages with special characters","invocations":1,"location":null,"numPassingAsserts":0,"retryReasons":[],"status":"pending","title":"should handle messages with special characters"}],"coverage":{},"endTime":1755947097950,"message":"","name":"/home/ubuntu/mcp-slack-sdk/__tests__/integration/slackSendMessage.integration.test.ts","startTime":1755947097950,"status":"skipped","summary":""},{"assertionResults":[{"ancestorTitles":["slackArchiveChannelTool","Tool Configuration"],"duration":34,"failureDetails":[],"failureMessages":[],"fullName":"slackArchiveChannelTool Tool Configuration should have correct tool metadata","invocations":1,"location":null,"numPassingAsserts":4,"retryReasons":[],"status":"passed","title":"should have correct tool metadata"},{"ancestorTitles":["slackArchiveChannelTool","Tool Configuration"],"duration":2,"failureDetails":[],"failureMessages":[],"fullName":"slackArchiveChannelTool Tool Configuration should have comprehensive input schema properties","invocations":1,"location":null,"numPassingAsserts":16,"retryReasons":[],"status":"passed","title":"should have comprehensive input schema properties"},{"ancestorTitles":["slackArchiveChannelTool","Input Validation"],"duration":147,"failureDetails":[{"matcherResult":{"message":"expect(received).toContain(expected) // indexOf\n\nExpected substring: \"Channel is required\"\nReceived string:    \"Validation failed: channel: Required\"","pass":false}}],"failureMessages":["Error: expect(received).toContain(expected) // indexOf\n\nExpected substring: \"Channel is required\"\nReceived string:    \"Validation failed: channel: Required\"\n    at Object.<anonymous> (/home/ubuntu/mcp-slack-sdk/__tests__/tools/slackArchiveChannel.test.ts:39:28)\n    at processTicksAndRejections (node:internal/process/task_queues:105:5)"],"fullName":"slackArchiveChannelTool Input Validation should validate required channel parameter","invocations":1,"location":null,"numPassingAsserts":1,"retryReasons":[],"status":"failed","title":"should validate required channel parameter"},{"ancestorTitles":["slackArchiveChannelTool","Input Validation"],"duration":3,"failureDetails":[],"failureMessages":[],"fullName":"slackArchiveChannelTool Input Validation should validate channel format","invocations":1,"location":null,"numPassingAsserts":2,"retryReasons":[],"status":"passed","title":"should validate channel format"},{"ancestorTitles":["slackArchiveChannelTool","Input Validation"],"duration":2,"failureDetails":[],"failureMessages":[],"fullName":"slackArchiveChannelTool Input Validation should validate retry attempts range","invocations":1,"location":null,"numPassingAsserts":2,"retryReasons":[],"status":"passed","title":"should validate retry attempts range"},{"ancestorTitles":["slackArchiveChannelTool","Input Validation"],"duration":10,"failureDetails":[],"failureMessages":[],"fullName":"slackArchiveChannelTool Input Validation should validate backup message count range","invocations":1,"location":null,"numPassingAsserts":2,"retryReasons":[],"status":"passed","title":"should validate backup message count range"}],"endTime":1755947090968,"message":"  ● slackArchiveChannelTool › Input Validation › should validate required channel parameter\n\n    expect(received).toContain(expected) // indexOf\n\n    Expected substring: \"Channel is required\"\n    Received string:    \"Validation failed: channel: Required\"\n\n      37 |\n      38 |       expect(result.success).toBe(false);\n    > 39 |       expect(result.error).toContain('Channel is required');\n         |                            ^\n      40 |     });\n      41 |\n      42 |     it('should validate channel format', async () => {\n\n      at Object.<anonymous> (__tests__/tools/slackArchiveChannel.test.ts:39:28)\n","name":"/home/ubuntu/mcp-slack-sdk/__tests__/tools/slackArchiveChannel.test.ts","startTime":1755947083228,"status":"failed","summary":""},{"assertionResults":[{"ancestorTitles":["slackListChannelsTool","Input Validation"],"duration":20,"failureDetails":[],"failureMessages":[],"fullName":"slackListChannelsTool Input Validation should accept valid input with defaults","invocations":1,"location":null,"numPassingAsserts":3,"retryReasons":[],"status":"passed","title":"should accept valid input with defaults"},{"ancestorTitles":["slackListChannelsTool","Input Validation"],"duration":82,"failureDetails":[{"matcherResult":{"message":"expect(jest.fn()).toHaveBeenCalledWith(...expected)\n\n- Expected\n+ Received\n\n  Object {\n    \"cursor\": undefined,\n-   \"exclude_archived\": true,\n+   \"exclude_archived\": false,\n    \"limit\": 100,\n    \"types\": \"private_channel\",\n  },\n\nNumber of calls: 1","pass":false}}],"failureMessages":["Error: expect(jest.fn()).toHaveBeenCalledWith(...expected)\n\n- Expected\n+ Received\n\n  Object {\n    \"cursor\": undefined,\n-   \"exclude_archived\": true,\n+   \"exclude_archived\": false,\n    \"limit\": 100,\n    \"types\": \"private_channel\",\n  },\n\nNumber of calls: 1\n    at Object.<anonymous> (/home/ubuntu/mcp-slack-sdk/__tests__/tools/slackListChannels.test.ts:82:37)\n    at processTicksAndRejections (node:internal/process/task_queues:105:5)"],"fullName":"slackListChannelsTool Input Validation should validate channel types parameter","invocations":1,"location":null,"numPassingAsserts":1,"retryReasons":[],"status":"failed","title":"should validate channel types parameter"},{"ancestorTitles":["slackListChannelsTool","Input Validation"],"duration":16,"failureDetails":[],"failureMessages":[],"fullName":"slackListChannelsTool Input Validation should validate limit parameter","invocations":1,"location":null,"numPassingAsserts":2,"retryReasons":[],"status":"passed","title":"should validate limit parameter"},{"ancestorTitles":["slackListChannelsTool","Input Validation"],"duration":2,"failureDetails":[],"failureMessages":[],"fullName":"slackListChannelsTool Input Validation should validate sort_by parameter","invocations":1,"location":null,"numPassingAsserts":2,"retryReasons":[],"status":"passed","title":"should validate sort_by parameter"},{"ancestorTitles":["slackListChannelsTool","Channel Listing"],"duration":9,"failureDetails":[],"failureMessages":[],"fullName":"slackListChannelsTool Channel Listing should list channels with basic information","invocations":1,"location":null,"numPassingAsserts":4,"retryReasons":[],"status":"passed","title":"should list channels with basic information"},{"ancestorTitles":["slackListChannelsTool","Channel Listing"],"duration":0,"failureDetails":[],"failureMessages":[],"fullName":"slackListChannelsTool Channel Listing should filter channels by name","invocations":1,"location":null,"numPassingAsserts":3,"retryReasons":[],"status":"passed","title":"should filter channels by name"},{"ancestorTitles":["slackListChannelsTool","Channel Listing"],"duration":0,"failureDetails":[],"failureMessages":[],"fullName":"slackListChannelsTool Channel Listing should sort channels by name","invocations":1,"location":null,"numPassingAsserts":4,"retryReasons":[],"status":"passed","title":"should sort channels by name"},{"ancestorTitles":["slackListChannelsTool","Channel Listing"],"duration":1,"failureDetails":[],"failureMessages":[],"fullName":"slackListChannelsTool Channel Listing should include member count when requested","invocations":1,"location":null,"numPassingAsserts":2,"retryReasons":[],"status":"passed","title":"should include member count when requested"},{"ancestorTitles":["slackListChannelsTool","Channel Listing"],"duration":1,"failureDetails":[],"failureMessages":[],"fullName":"slackListChannelsTool Channel Listing should generate summary statistics","invocations":1,"location":null,"numPassingAsserts":6,"retryReasons":[],"status":"passed","title":"should generate summary statistics"},{"ancestorTitles":["slackListChannelsTool","Error Handling"],"duration":2,"failureDetails":[],"failureMessages":[],"fullName":"slackListChannelsTool Error Handling should handle Slack API errors gracefully","invocations":1,"location":null,"numPassingAsserts":2,"retryReasons":[],"status":"passed","title":"should handle Slack API errors gracefully"},{"ancestorTitles":["slackListChannelsTool","Error Handling"],"duration":1,"failureDetails":[],"failureMessages":[],"fullName":"slackListChannelsTool Error Handling should handle member count API errors gracefully","invocations":1,"location":null,"numPassingAsserts":2,"retryReasons":[],"status":"passed","title":"should handle member count API errors gracefully"},{"ancestorTitles":["slackListChannelsTool","Pagination"],"duration":0,"failureDetails":[],"failureMessages":[],"fullName":"slackListChannelsTool Pagination should handle pagination correctly","invocations":1,"location":null,"numPassingAsserts":3,"retryReasons":[],"status":"passed","title":"should handle pagination correctly"}],"endTime":1755947090979,"message":"  ● slackListChannelsTool › Input Validation › should validate channel types parameter\n\n    expect(jest.fn()).toHaveBeenCalledWith(...expected)\n\n    - Expected\n    + Received\n\n      Object {\n        \"cursor\": undefined,\n    -   \"exclude_archived\": true,\n    +   \"exclude_archived\": false,\n        \"limit\": 100,\n        \"types\": \"private_channel\",\n      },\n\n    Number of calls: 1\n\n      80 |\n      81 |       expect(result.success).toBe(true);\n    > 82 |       expect(mockConversationsList).toHaveBeenCalledWith({\n         |                                     ^\n      83 |         types: 'private_channel',\n      84 |         exclude_archived: true,\n      85 |         limit: 100,\n\n      at Object.<anonymous> (__tests__/tools/slackListChannels.test.ts:82:37)\n","name":"/home/ubuntu/mcp-slack-sdk/__tests__/tools/slackListChannels.test.ts","startTime":1755947083228,"status":"failed","summary":""},{"assertionResults":[{"ancestorTitles":["Slack Client","Connection Tests"],"duration":76,"failureDetails":[{}],"failureMessages":["ReferenceError: pending is not defined\n    at Object.<anonymous> (/home/ubuntu/mcp-slack-sdk/__tests__/utils/slackClient.test.ts:13:9)\n    at Promise.then.completed (/home/ubuntu/mcp-slack-sdk/node_modules/jest-circus/build/utils.js:298:28)\n    at new Promise (<anonymous>)\n    at callAsyncCircusFn (/home/ubuntu/mcp-slack-sdk/node_modules/jest-circus/build/utils.js:231:10)\n    at _callCircusHook (/home/ubuntu/mcp-slack-sdk/node_modules/jest-circus/build/run.js:281:40)\n    at processTicksAndRejections (node:internal/process/task_queues:105:5)\n    at _runTest (/home/ubuntu/mcp-slack-sdk/node_modules/jest-circus/build/run.js:246:5)\n    at _runTestsForDescribeBlock (/home/ubuntu/mcp-slack-sdk/node_modules/jest-circus/build/run.js:126:9)\n    at _runTestsForDescribeBlock (/home/ubuntu/mcp-slack-sdk/node_modules/jest-circus/build/run.js:121:9)\n    at _runTestsForDescribeBlock (/home/ubuntu/mcp-slack-sdk/node_modules/jest-circus/build/run.js:121:9)\n    at run (/home/ubuntu/mcp-slack-sdk/node_modules/jest-circus/build/run.js:71:3)\n    at runAndTransformResultsToJestFormat (/home/ubuntu/mcp-slack-sdk/node_modules/jest-circus/build/legacy-code-todo-rewrite/jestAdapterInit.js:122:21)\n    at jestAdapter (/home/ubuntu/mcp-slack-sdk/node_modules/jest-circus/build/legacy-code-todo-rewrite/jestAdapter.js:79:19)\n    at runTestInternal (/home/ubuntu/mcp-slack-sdk/node_modules/jest-runner/build/runTest.js:367:16)\n    at runTest (/home/ubuntu/mcp-slack-sdk/node_modules/jest-runner/build/runTest.js:444:34)\n    at Object.worker (/home/ubuntu/mcp-slack-sdk/node_modules/jest-runner/build/testWorker.js:106:12)"],"fullName":"Slack Client Connection Tests should test connection successfully","invocations":1,"location":null,"numPassingAsserts":0,"retryReasons":[],"status":"failed","title":"should test connection successfully"},{"ancestorTitles":["Slack Client","Connection Tests"],"duration":0,"failureDetails":[{}],"failureMessages":["ReferenceError: pending is not defined\n    at Object.<anonymous> (/home/ubuntu/mcp-slack-sdk/__tests__/utils/slackClient.test.ts:13:9)\n    at Promise.then.completed (/home/ubuntu/mcp-slack-sdk/node_modules/jest-circus/build/utils.js:298:28)\n    at new Promise (<anonymous>)\n    at callAsyncCircusFn (/home/ubuntu/mcp-slack-sdk/node_modules/jest-circus/build/utils.js:231:10)\n    at _callCircusHook (/home/ubuntu/mcp-slack-sdk/node_modules/jest-circus/build/run.js:281:40)\n    at processTicksAndRejections (node:internal/process/task_queues:105:5)\n    at _runTest (/home/ubuntu/mcp-slack-sdk/node_modules/jest-circus/build/run.js:246:5)\n    at _runTestsForDescribeBlock (/home/ubuntu/mcp-slack-sdk/node_modules/jest-circus/build/run.js:126:9)\n    at _runTestsForDescribeBlock (/home/ubuntu/mcp-slack-sdk/node_modules/jest-circus/build/run.js:121:9)\n    at _runTestsForDescribeBlock (/home/ubuntu/mcp-slack-sdk/node_modules/jest-circus/build/run.js:121:9)\n    at run (/home/ubuntu/mcp-slack-sdk/node_modules/jest-circus/build/run.js:71:3)\n    at runAndTransformResultsToJestFormat (/home/ubuntu/mcp-slack-sdk/node_modules/jest-circus/build/legacy-code-todo-rewrite/jestAdapterInit.js:122:21)\n    at jestAdapter (/home/ubuntu/mcp-slack-sdk/node_modules/jest-circus/build/legacy-code-todo-rewrite/jestAdapter.js:79:19)\n    at runTestInternal (/home/ubuntu/mcp-slack-sdk/node_modules/jest-runner/build/runTest.js:367:16)\n    at runTest (/home/ubuntu/mcp-slack-sdk/node_modules/jest-runner/build/runTest.js:444:34)\n    at Object.worker (/home/ubuntu/mcp-slack-sdk/node_modules/jest-runner/build/testWorker.js:106:12)"],"fullName":"Slack Client Connection Tests should get workspace info","invocations":1,"location":null,"numPassingAsserts":0,"retryReasons":[],"status":"failed","title":"should get workspace info"},{"ancestorTitles":["Slack Client","Channel Resolution"],"duration":0,"failureDetails":[{}],"failureMessages":["ReferenceError: pending is not defined\n    at Object.<anonymous> (/home/ubuntu/mcp-slack-sdk/__tests__/utils/slackClient.test.ts:37:9)\n    at Promise.then.completed (/home/ubuntu/mcp-slack-sdk/node_modules/jest-circus/build/utils.js:298:28)\n    at new Promise (<anonymous>)\n    at callAsyncCircusFn (/home/ubuntu/mcp-slack-sdk/node_modules/jest-circus/build/utils.js:231:10)\n    at _callCircusHook (/home/ubuntu/mcp-slack-sdk/node_modules/jest-circus/build/run.js:281:40)\n    at processTicksAndRejections (node:internal/process/task_queues:105:5)\n    at _runTest (/home/ubuntu/mcp-slack-sdk/node_modules/jest-circus/build/run.js:246:5)\n    at _runTestsForDescribeBlock (/home/ubuntu/mcp-slack-sdk/node_modules/jest-circus/build/run.js:126:9)\n    at _runTestsForDescribeBlock (/home/ubuntu/mcp-slack-sdk/node_modules/jest-circus/build/run.js:121:9)\n    at _runTestsForDescribeBlock (/home/ubuntu/mcp-slack-sdk/node_modules/jest-circus/build/run.js:121:9)\n    at run (/home/ubuntu/mcp-slack-sdk/node_modules/jest-circus/build/run.js:71:3)\n    at runAndTransformResultsToJestFormat (/home/ubuntu/mcp-slack-sdk/node_modules/jest-circus/build/legacy-code-todo-rewrite/jestAdapterInit.js:122:21)\n    at jestAdapter (/home/ubuntu/mcp-slack-sdk/node_modules/jest-circus/build/legacy-code-todo-rewrite/jestAdapter.js:79:19)\n    at runTestInternal (/home/ubuntu/mcp-slack-sdk/node_modules/jest-runner/build/runTest.js:367:16)\n    at runTest (/home/ubuntu/mcp-slack-sdk/node_modules/jest-runner/build/runTest.js:444:34)\n    at Object.worker (/home/ubuntu/mcp-slack-sdk/node_modules/jest-runner/build/testWorker.js:106:12)"],"fullName":"Slack Client Channel Resolution should resolve channel by name","invocations":1,"location":null,"numPassingAsserts":0,"retryReasons":[],"status":"failed","title":"should resolve channel by name"},{"ancestorTitles":["Slack Client","Channel Resolution"],"duration":0,"failureDetails":[{}],"failureMessages":["ReferenceError: pending is not defined\n    at Object.<anonymous> (/home/ubuntu/mcp-slack-sdk/__tests__/utils/slackClient.test.ts:37:9)\n    at Promise.then.completed (/home/ubuntu/mcp-slack-sdk/node_modules/jest-circus/build/utils.js:298:28)\n    at new Promise (<anonymous>)\n    at callAsyncCircusFn (/home/ubuntu/mcp-slack-sdk/node_modules/jest-circus/build/utils.js:231:10)\n    at _callCircusHook (/home/ubuntu/mcp-slack-sdk/node_modules/jest-circus/build/run.js:281:40)\n    at processTicksAndRejections (node:internal/process/task_queues:105:5)\n    at _runTest (/home/ubuntu/mcp-slack-sdk/node_modules/jest-circus/build/run.js:246:5)\n    at _runTestsForDescribeBlock (/home/ubuntu/mcp-slack-sdk/node_modules/jest-circus/build/run.js:126:9)\n    at _runTestsForDescribeBlock (/home/ubuntu/mcp-slack-sdk/node_modules/jest-circus/build/run.js:121:9)\n    at _runTestsForDescribeBlock (/home/ubuntu/mcp-slack-sdk/node_modules/jest-circus/build/run.js:121:9)\n    at run (/home/ubuntu/mcp-slack-sdk/node_modules/jest-circus/build/run.js:71:3)\n    at runAndTransformResultsToJestFormat (/home/ubuntu/mcp-slack-sdk/node_modules/jest-circus/build/legacy-code-todo-rewrite/jestAdapterInit.js:122:21)\n    at jestAdapter (/home/ubuntu/mcp-slack-sdk/node_modules/jest-circus/build/legacy-code-todo-rewrite/jestAdapter.js:79:19)\n    at runTestInternal (/home/ubuntu/mcp-slack-sdk/node_modules/jest-runner/build/runTest.js:367:16)\n    at runTest (/home/ubuntu/mcp-slack-sdk/node_modules/jest-runner/build/runTest.js:444:34)\n    at Object.worker (/home/ubuntu/mcp-slack-sdk/node_modules/jest-runner/build/testWorker.js:106:12)"],"fullName":"Slack Client Channel Resolution should return channel ID as-is if already an ID","invocations":1,"location":null,"numPassingAsserts":0,"retryReasons":[],"status":"failed","title":"should return channel ID as-is if already an ID"},{"ancestorTitles":["Slack Client","User Resolution"],"duration":0,"failureDetails":[{}],"failureMessages":["ReferenceError: pending is not defined\n    at Object.<anonymous> (/home/ubuntu/mcp-slack-sdk/__tests__/utils/slackClient.test.ts:56:9)\n    at Promise.then.completed (/home/ubuntu/mcp-slack-sdk/node_modules/jest-circus/build/utils.js:298:28)\n    at new Promise (<anonymous>)\n    at callAsyncCircusFn (/home/ubuntu/mcp-slack-sdk/node_modules/jest-circus/build/utils.js:231:10)\n    at _callCircusHook (/home/ubuntu/mcp-slack-sdk/node_modules/jest-circus/build/run.js:281:40)\n    at processTicksAndRejections (node:internal/process/task_queues:105:5)\n    at _runTest (/home/ubuntu/mcp-slack-sdk/node_modules/jest-circus/build/run.js:246:5)\n    at _runTestsForDescribeBlock (/home/ubuntu/mcp-slack-sdk/node_modules/jest-circus/build/run.js:126:9)\n    at _runTestsForDescribeBlock (/home/ubuntu/mcp-slack-sdk/node_modules/jest-circus/build/run.js:121:9)\n    at _runTestsForDescribeBlock (/home/ubuntu/mcp-slack-sdk/node_modules/jest-circus/build/run.js:121:9)\n    at run (/home/ubuntu/mcp-slack-sdk/node_modules/jest-circus/build/run.js:71:3)\n    at runAndTransformResultsToJestFormat (/home/ubuntu/mcp-slack-sdk/node_modules/jest-circus/build/legacy-code-todo-rewrite/jestAdapterInit.js:122:21)\n    at jestAdapter (/home/ubuntu/mcp-slack-sdk/node_modules/jest-circus/build/legacy-code-todo-rewrite/jestAdapter.js:79:19)\n    at runTestInternal (/home/ubuntu/mcp-slack-sdk/node_modules/jest-runner/build/runTest.js:367:16)\n    at runTest (/home/ubuntu/mcp-slack-sdk/node_modules/jest-runner/build/runTest.js:444:34)\n    at Object.worker (/home/ubuntu/mcp-slack-sdk/node_modules/jest-runner/build/testWorker.js:106:12)"],"fullName":"Slack Client User Resolution should return user ID as-is if already an ID","invocations":1,"location":null,"numPassingAsserts":0,"retryReasons":[],"status":"failed","title":"should return user ID as-is if already an ID"},{"ancestorTitles":["Slack Client","Error Handling"],"duration":227,"failureDetails":[],"failureMessages":[],"fullName":"Slack Client Error Handling should handle invalid channel gracefully","invocations":1,"location":null,"numPassingAsserts":1,"retryReasons":[],"status":"passed","title":"should handle invalid channel gracefully"}],"endTime":1755947091051,"message":"  ● Slack Client › Connection Tests › should test connection successfully\n\n    ReferenceError: pending is not defined\n\n      11 |     beforeEach(() => {\n      12 |       if (skipIntegration) {\n    > 13 |         pending('Integration tests are disabled');\n         |         ^\n      14 |       }\n      15 |     });\n      16 |\n\n      at Object.<anonymous> (__tests__/utils/slackClient.test.ts:13:9)\n\n  ● Slack Client › Connection Tests › should get workspace info\n\n    ReferenceError: pending is not defined\n\n      11 |     beforeEach(() => {\n      12 |       if (skipIntegration) {\n    > 13 |         pending('Integration tests are disabled');\n         |         ^\n      14 |       }\n      15 |     });\n      16 |\n\n      at Object.<anonymous> (__tests__/utils/slackClient.test.ts:13:9)\n\n  ● Slack Client › Channel Resolution › should resolve channel by name\n\n    ReferenceError: pending is not defined\n\n      35 |     beforeEach(() => {\n      36 |       if (skipIntegration) {\n    > 37 |         pending('Integration tests are disabled');\n         |         ^\n      38 |       }\n      39 |     });\n      40 |\n\n      at Object.<anonymous> (__tests__/utils/slackClient.test.ts:37:9)\n\n  ● Slack Client › Channel Resolution › should return channel ID as-is if already an ID\n\n    ReferenceError: pending is not defined\n\n      35 |     beforeEach(() => {\n      36 |       if (skipIntegration) {\n    > 37 |         pending('Integration tests are disabled');\n         |         ^\n      38 |       }\n      39 |     });\n      40 |\n\n      at Object.<anonymous> (__tests__/utils/slackClient.test.ts:37:9)\n\n  ● Slack Client › User Resolution › should return user ID as-is if already an ID\n\n    ReferenceError: pending is not defined\n\n      54 |     beforeEach(() => {\n      55 |       if (skipIntegration) {\n    > 56 |         pending('Integration tests are disabled');\n         |         ^\n      57 |       }\n      58 |     });\n      59 |\n\n      at Object.<anonymous> (__tests__/utils/slackClient.test.ts:56:9)\n","name":"/home/ubuntu/mcp-slack-sdk/__tests__/utils/slackClient.test.ts","startTime":1755947083228,"status":"failed","summary":""},{"assertionResults":[{"ancestorTitles":["slackJoinChannelTool","Input Validation"],"duration":110,"failureDetails":[],"failureMessages":[],"fullName":"slackJoinChannelTool Input Validation should validate required channel parameter","invocations":1,"location":null,"numPassingAsserts":2,"retryReasons":[],"status":"passed","title":"should validate required channel parameter"},{"ancestorTitles":["slackJoinChannelTool","Input Validation"],"duration":2,"failureDetails":[],"failureMessages":[],"fullName":"slackJoinChannelTool Input Validation should validate channel format","invocations":1,"location":null,"numPassingAsserts":2,"retryReasons":[],"status":"passed","title":"should validate channel format"},{"ancestorTitles":["slackJoinChannelTool","Input Validation"],"duration":2,"failureDetails":[],"failureMessages":[],"fullName":"slackJoinChannelTool Input Validation should accept valid channel ID format","invocations":1,"location":null,"numPassingAsserts":2,"retryReasons":[],"status":"passed","title":"should accept valid channel ID format"},{"ancestorTitles":["slackJoinChannelTool","Channel Resolution"],"duration":1,"failureDetails":[],"failureMessages":[],"fullName":"slackJoinChannelTool Channel Resolution should resolve channel name to ID","invocations":1,"location":null,"numPassingAsserts":2,"retryReasons":[],"status":"passed","title":"should resolve channel name to ID"},{"ancestorTitles":["slackJoinChannelTool","Channel Resolution"],"duration":1,"failureDetails":[],"failureMessages":[],"fullName":"slackJoinChannelTool Channel Resolution should handle channel not found during resolution","invocations":1,"location":null,"numPassingAsserts":2,"retryReasons":[],"status":"passed","title":"should handle channel not found during resolution"},{"ancestorTitles":["slackJoinChannelTool","Pre-join Analysis"],"duration":0,"failureDetails":[],"failureMessages":[],"fullName":"slackJoinChannelTool Pre-join Analysis should detect already member status","invocations":1,"location":null,"numPassingAsserts":4,"retryReasons":[],"status":"passed","title":"should detect already member status"},{"ancestorTitles":["slackJoinChannelTool","Pre-join Analysis"],"duration":2,"failureDetails":[{"matcherResult":{"actual":true,"expected":false,"message":"expect(received).toBe(expected) // Object.is equality\n\nExpected: false\nReceived: true","name":"toBe","pass":false}}],"failureMessages":["Error: expect(received).toBe(expected) // Object.is equality\n\nExpected: false\nReceived: true\n    at Object.<anonymous> (/home/ubuntu/mcp-slack-sdk/__tests__/tools/slackJoinChannel.test.ts:186:30)\n    at processTicksAndRejections (node:internal/process/task_queues:105:5)"],"fullName":"slackJoinChannelTool Pre-join Analysis should detect archived channel","invocations":1,"location":null,"numPassingAsserts":0,"retryReasons":[],"status":"failed","title":"should detect archived channel"},{"ancestorTitles":["slackJoinChannelTool","Join Operation"],"duration":6,"failureDetails":[],"failureMessages":[],"fullName":"slackJoinChannelTool Join Operation should successfully join a public channel","invocations":1,"location":null,"numPassingAsserts":4,"retryReasons":[],"status":"passed","title":"should successfully join a public channel"},{"ancestorTitles":["slackJoinChannelTool","Join Operation"],"duration":0,"failureDetails":[],"failureMessages":[],"fullName":"slackJoinChannelTool Join Operation should handle already_in_channel warning","invocations":1,"location":null,"numPassingAsserts":3,"retryReasons":[],"status":"passed","title":"should handle already_in_channel warning"},{"ancestorTitles":["slackJoinChannelTool","Error Handling"],"duration":1,"failureDetails":[],"failureMessages":[],"fullName":"slackJoinChannelTool Error Handling should handle private channel access error","invocations":1,"location":null,"numPassingAsserts":2,"retryReasons":[],"status":"passed","title":"should handle private channel access error"},{"ancestorTitles":["slackJoinChannelTool","Error Handling"],"duration":101,"failureDetails":[],"failureMessages":[],"fullName":"slackJoinChannelTool Error Handling should handle rate limiting with retry","invocations":1,"location":null,"numPassingAsserts":4,"retryReasons":[],"status":"passed","title":"should handle rate limiting with retry"},{"ancestorTitles":["slackJoinChannelTool","Tool Metadata"],"duration":1,"failureDetails":[],"failureMessages":[],"fullName":"slackJoinChannelTool Tool Metadata should have correct tool metadata","invocations":1,"location":null,"numPassingAsserts":4,"retryReasons":[],"status":"passed","title":"should have correct tool metadata"},{"ancestorTitles":["slackJoinChannelTool","Tool Metadata"],"duration":1,"failureDetails":[],"failureMessages":[],"fullName":"slackJoinChannelTool Tool Metadata should include execution time in response","invocations":1,"location":null,"numPassingAsserts":3,"retryReasons":[],"status":"passed","title":"should include execution time in response"}],"endTime":1755947091068,"message":"  ● slackJoinChannelTool › Pre-join Analysis › should detect archived channel\n\n    expect(received).toBe(expected) // Object.is equality\n\n    Expected: false\n    Received: true\n\n      184 |       });\n      185 |       \n    > 186 |       expect(result.success).toBe(false);\n          |                              ^\n      187 |       expect(result.error).toContain('Cannot join archived channel');\n      188 |     });\n      189 |   });\n\n      at Object.<anonymous> (__tests__/tools/slackJoinChannel.test.ts:186:30)\n","name":"/home/ubuntu/mcp-slack-sdk/__tests__/tools/slackJoinChannel.test.ts","startTime":1755947083228,"status":"failed","summary":""},{"assertionResults":[{"ancestorTitles":["Slack Get Channel History Integration Tests","Validation Tests"],"duration":null,"failureDetails":[],"failureMessages":[],"fullName":"Slack Get Channel History Integration Tests Validation Tests should reject empty arguments","invocations":1,"location":null,"numPassingAsserts":0,"retryReasons":[],"status":"pending","title":"should reject empty arguments"},{"ancestorTitles":["Slack Get Channel History Integration Tests","Validation Tests"],"duration":null,"failureDetails":[],"failureMessages":[],"fullName":"Slack Get Channel History Integration Tests Validation Tests should reject empty channel","invocations":1,"location":null,"numPassingAsserts":0,"retryReasons":[],"status":"pending","title":"should reject empty channel"},{"ancestorTitles":["Slack Get Channel History Integration Tests","Validation Tests"],"duration":null,"failureDetails":[],"failureMessages":[],"fullName":"Slack Get Channel History Integration Tests Validation Tests should reject negative limit","invocations":1,"location":null,"numPassingAsserts":0,"retryReasons":[],"status":"pending","title":"should reject negative limit"},{"ancestorTitles":["Slack Get Channel History Integration Tests","Integration Tests"],"duration":null,"failureDetails":[],"failureMessages":[],"fullName":"Slack Get Channel History Integration Tests Integration Tests should get channel history successfully","invocations":1,"location":null,"numPassingAsserts":0,"retryReasons":[],"status":"pending","title":"should get channel history successfully"},{"ancestorTitles":["Slack Get Channel History Integration Tests","Integration Tests"],"duration":null,"failureDetails":[],"failureMessages":[],"fullName":"Slack Get Channel History Integration Tests Integration Tests should respect limit parameter","invocations":1,"location":null,"numPassingAsserts":0,"retryReasons":[],"status":"pending","title":"should respect limit parameter"},{"ancestorTitles":["Slack Get Channel History Integration Tests","Integration Tests"],"duration":null,"failureDetails":[],"failureMessages":[],"fullName":"Slack Get Channel History Integration Tests Integration Tests should handle non-existent channel gracefully","invocations":1,"location":null,"numPassingAsserts":0,"retryReasons":[],"status":"pending","title":"should handle non-existent channel gracefully"},{"ancestorTitles":["Slack Get Channel History Integration Tests","Edge Cases"],"duration":null,"failureDetails":[],"failureMessages":[],"fullName":"Slack Get Channel History Integration Tests Edge Cases should handle very large limit","invocations":1,"location":null,"numPassingAsserts":0,"retryReasons":[],"status":"pending","title":"should handle very large limit"},{"ancestorTitles":["Slack Get Channel History Integration Tests","Edge Cases"],"duration":null,"failureDetails":[],"failureMessages":[],"fullName":"Slack Get Channel History Integration Tests Edge Cases should handle channel with no messages","invocations":1,"location":null,"numPassingAsserts":0,"retryReasons":[],"status":"pending","title":"should handle channel with no messages"}],"coverage":{},"endTime":1755947097950,"message":"","name":"/home/ubuntu/mcp-slack-sdk/__tests__/integration/slackGetChannelHistory.integration.test.ts","startTime":1755947097950,"status":"skipped","summary":""},{"assertionResults":[{"ancestorTitles":["Slack Get User Info Integration Tests","Validation Tests"],"duration":null,"failureDetails":[],"failureMessages":[],"fullName":"Slack Get User Info Integration Tests Validation Tests should reject empty arguments","invocations":1,"location":null,"numPassingAsserts":0,"retryReasons":[],"status":"pending","title":"should reject empty arguments"},{"ancestorTitles":["Slack Get User Info Integration Tests","Validation Tests"],"duration":null,"failureDetails":[],"failureMessages":[],"fullName":"Slack Get User Info Integration Tests Validation Tests should reject empty userId","invocations":1,"location":null,"numPassingAsserts":0,"retryReasons":[],"status":"pending","title":"should reject empty userId"},{"ancestorTitles":["Slack Get User Info Integration Tests","Integration Tests"],"duration":null,"failureDetails":[],"failureMessages":[],"fullName":"Slack Get User Info Integration Tests Integration Tests should get user info successfully with valid user ID","invocations":1,"location":null,"numPassingAsserts":0,"retryReasons":[],"status":"pending","title":"should get user info successfully with valid user ID"},{"ancestorTitles":["Slack Get User Info Integration Tests","Integration Tests"],"duration":null,"failureDetails":[],"failureMessages":[],"fullName":"Slack Get User Info Integration Tests Integration Tests should handle non-existent user gracefully","invocations":1,"location":null,"numPassingAsserts":0,"retryReasons":[],"status":"pending","title":"should handle non-existent user gracefully"},{"ancestorTitles":["Slack Get User Info Integration Tests","Edge Cases"],"duration":null,"failureDetails":[],"failureMessages":[],"fullName":"Slack Get User Info Integration Tests Edge Cases should handle malformed user ID","invocations":1,"location":null,"numPassingAsserts":0,"retryReasons":[],"status":"pending","title":"should handle malformed user ID"},{"ancestorTitles":["Slack Get User Info Integration Tests","Edge Cases"],"duration":null,"failureDetails":[],"failureMessages":[],"fullName":"Slack Get User Info Integration Tests Edge Cases should validate user ID format","invocations":1,"location":null,"numPassingAsserts":0,"retryReasons":[],"status":"pending","title":"should validate user ID format"}],"coverage":{},"endTime":1755947097950,"message":"","name":"/home/ubuntu/mcp-slack-sdk/__tests__/integration/slackGetUserInfo.integration.test.ts","startTime":1755947097950,"status":"skipped","summary":""},{"assertionResults":[{"ancestorTitles":["Slack Get Workspace Info Integration Tests","Integration Tests"],"duration":null,"failureDetails":[],"failureMessages":[],"fullName":"Slack Get Workspace Info Integration Tests Integration Tests should get workspace info successfully","invocations":1,"location":null,"numPassingAsserts":0,"retryReasons":[],"status":"pending","title":"should get workspace info successfully"},{"ancestorTitles":["Slack Get Workspace Info Integration Tests","Integration Tests"],"duration":null,"failureDetails":[],"failureMessages":[],"fullName":"Slack Get Workspace Info Integration Tests Integration Tests should include team details","invocations":1,"location":null,"numPassingAsserts":0,"retryReasons":[],"status":"pending","title":"should include team details"},{"ancestorTitles":["Slack Get Workspace Info Integration Tests","Error Handling"],"duration":null,"failureDetails":[],"failureMessages":[],"fullName":"Slack Get Workspace Info Integration Tests Error Handling should handle API errors gracefully","invocations":1,"location":null,"numPassingAsserts":0,"retryReasons":[],"status":"pending","title":"should handle API errors gracefully"}],"coverage":{},"endTime":1755947097950,"message":"","name":"/home/ubuntu/mcp-slack-sdk/__tests__/integration/slackGetWorkspaceInfo.integration.test.ts","startTime":1755947097950,"status":"skipped","summary":""},{"assertionResults":[],"coverage":{},"endTime":1755947097950,"message":"  ● Test suite failed to run\n\n    \u001b[96msrc/tools/slackSearchMessages.ts\u001b[0m:\u001b[93m4\u001b[0m:\u001b[93m1\u001b[0m - \u001b[91merror\u001b[0m\u001b[90m TS6192: \u001b[0mAll imports in import declaration are unused.\n\n    \u001b[7m4\u001b[0m import { Validator, ToolSchemas } from '@/utils/validator';\n    \u001b[7m \u001b[0m \u001b[91m~~~~~~~~~~~~~~~~~~~~~~~~~~~~~~~~~~~~~~~~~~~~~~~~~~~~~~~~~~~\u001b[0m\n    \u001b[96msrc/tools/slackSearchMessages.ts\u001b[0m:\u001b[93m64\u001b[0m:\u001b[93m34\u001b[0m - \u001b[91merror\u001b[0m\u001b[90m TS2339: \u001b[0mProperty 'analyzeQuery' does not exist on type 'MCPTool'.\n\n    \u001b[7m64\u001b[0m             query_analysis: this.analyzeQuery(validatedArgs.query),\n    \u001b[7m  \u001b[0m \u001b[91m                                 ~~~~~~~~~~~~\u001b[0m\n    \u001b[96msrc/tools/slackSearchMessages.ts\u001b[0m:\u001b[93m65\u001b[0m:\u001b[93m34\u001b[0m - \u001b[91merror\u001b[0m\u001b[90m TS2339: \u001b[0mProperty 'assessResultQuality' does not exist on type 'MCPTool'.\n\n    \u001b[7m65\u001b[0m             result_quality: this.assessResultQuality(result.messages),\n    \u001b[7m  \u001b[0m \u001b[91m                                 ~~~~~~~~~~~~~~~~~~~\u001b[0m\n    \u001b[96msrc/tools/slackSearchMessages.ts\u001b[0m:\u001b[93m66\u001b[0m:\u001b[93m40\u001b[0m - \u001b[91merror\u001b[0m\u001b[90m TS2339: \u001b[0mProperty 'calculateSearchEffectiveness' does not exist on type 'MCPTool'.\n\n    \u001b[7m66\u001b[0m             search_effectiveness: this.calculateSearchEffectiveness(result),\n    \u001b[7m  \u001b[0m \u001b[91m                                       ~~~~~~~~~~~~~~~~~~~~~~~~~~~~\u001b[0m\n    \u001b[96msrc/tools/slackSearchMessages.ts\u001b[0m:\u001b[93m67\u001b[0m:\u001b[93m42\u001b[0m - \u001b[91merror\u001b[0m\u001b[90m TS2339: \u001b[0mProperty 'analyzeRelevanceDistribution' does not exist on type 'MCPTool'.\n\n    \u001b[7m67\u001b[0m             relevance_distribution: this.analyzeRelevanceDistribution(result.messages),\n    \u001b[7m  \u001b[0m \u001b[91m                                         ~~~~~~~~~~~~~~~~~~~~~~~~~~~~\u001b[0m\n    \u001b[96msrc/tools/slackSearchMessages.ts\u001b[0m:\u001b[93m70\u001b[0m:\u001b[93m36\u001b[0m - \u001b[91merror\u001b[0m\u001b[90m TS2339: \u001b[0mProperty 'analyzeResultDiversity' does not exist on type 'MCPTool'.\n\n    \u001b[7m70\u001b[0m             result_diversity: this.analyzeResultDiversity(result.messages),\n    \u001b[7m  \u001b[0m \u001b[91m                                   ~~~~~~~~~~~~~~~~~~~~~~\u001b[0m\n    \u001b[96msrc/tools/slackSearchMessages.ts\u001b[0m:\u001b[93m71\u001b[0m:\u001b[93m41\u001b[0m - \u001b[91merror\u001b[0m\u001b[90m TS2339: \u001b[0mProperty 'analyzeTemporalDistribution' does not exist on type 'MCPTool'.\n\n    \u001b[7m71\u001b[0m             temporal_distribution: this.analyzeTemporalDistribution(result.messages),\n    \u001b[7m  \u001b[0m \u001b[91m                                        ~~~~~~~~~~~~~~~~~~~~~~~~~~~\u001b[0m\n    \u001b[96msrc/tools/slackSearchMessages.ts\u001b[0m:\u001b[93m72\u001b[0m:\u001b[93m35\u001b[0m - \u001b[91merror\u001b[0m\u001b[90m TS2339: \u001b[0mProperty 'analyzeSourceDistribution' does not exist on type 'MCPTool'.\n\n    \u001b[7m72\u001b[0m             source_analysis: this.analyzeSourceDistribution(result.messages),\n    \u001b[7m  \u001b[0m \u001b[91m                                  ~~~~~~~~~~~~~~~~~~~~~~~~~\u001b[0m\n    \u001b[96msrc/tools/slackSearchMessages.ts\u001b[0m:\u001b[93m73\u001b[0m:\u001b[93m33\u001b[0m - \u001b[91merror\u001b[0m\u001b[90m TS2339: \u001b[0mProperty 'analyzeContentTypes' does not exist on type 'MCPTool'.\n\n    \u001b[7m73\u001b[0m             content_types: this.analyzeContentTypes(result.messages),\n    \u001b[7m  \u001b[0m \u001b[91m                                ~~~~~~~~~~~~~~~~~~~\u001b[0m\n    \u001b[96msrc/tools/slackSearchMessages.ts\u001b[0m:\u001b[93m76\u001b[0m:\u001b[93m37\u001b[0m - \u001b[91merror\u001b[0m\u001b[90m TS2339: \u001b[0mProperty 'generateQuerySuggestions' does not exist on type 'MCPTool'.\n\n    \u001b[7m76\u001b[0m             query_suggestions: this.generateQuerySuggestions(validatedArgs.query, result),\n    \u001b[7m  \u001b[0m \u001b[91m                                    ~~~~~~~~~~~~~~~~~~~~~~~~\u001b[0m\n    \u001b[96msrc/tools/slackSearchMessages.ts\u001b[0m:\u001b[93m77\u001b[0m:\u001b[93m42\u001b[0m - \u001b[91merror\u001b[0m\u001b[90m TS2339: \u001b[0mProperty 'suggestFilters' does not exist on type 'MCPTool'.\n\n    \u001b[7m77\u001b[0m             filter_recommendations: this.suggestFilters(result.messages),\n    \u001b[7m  \u001b[0m \u001b[91m                                         ~~~~~~~~~~~~~~\u001b[0m\n    \u001b[96msrc/tools/slackSearchMessages.ts\u001b[0m:\u001b[93m78\u001b[0m:\u001b[93m37\u001b[0m - \u001b[91merror\u001b[0m\u001b[90m TS2339: \u001b[0mProperty 'suggestRefinements' does not exist on type 'MCPTool'.\n\n    \u001b[7m78\u001b[0m             search_refinement: this.suggestRefinements(validatedArgs.query, result),\n    \u001b[7m  \u001b[0m \u001b[91m                                    ~~~~~~~~~~~~~~~~~~\u001b[0m\n    \u001b[96msrc/tools/slackSearchMessages.ts\u001b[0m:\u001b[93m82\u001b[0m:\u001b[93m32\u001b[0m - \u001b[91merror\u001b[0m\u001b[90m TS2339: \u001b[0mProperty 'generateSearchRecommendations' does not exist on type 'MCPTool'.\n\n    \u001b[7m82\u001b[0m         recommendations = this.generateSearchRecommendations(analytics, validatedArgs, result);\n    \u001b[7m  \u001b[0m \u001b[91m                               ~~~~~~~~~~~~~~~~~~~~~~~~~~~~~\u001b[0m\n    \u001b[96msrc/tools/slackSearchMessages.ts\u001b[0m:\u001b[93m116\u001b[0m:\u001b[93m3\u001b[0m - \u001b[91merror\u001b[0m\u001b[90m TS2353: \u001b[0mObject literal may only specify known properties, and 'analyzeQuery' does not exist in type 'MCPTool'.\n\n    \u001b[7m116\u001b[0m   analyzeQuery(query: string): any {\n    \u001b[7m   \u001b[0m \u001b[91m  ~~~~~~~~~~~~\u001b[0m\n    \u001b[96msrc/tools/slackSearchMessages.ts\u001b[0m:\u001b[93m122\u001b[0m:\u001b[93m27\u001b[0m - \u001b[91merror\u001b[0m\u001b[90m TS2339: \u001b[0mProperty 'inferSearchIntent' does not exist on type 'MCPTool'.\n\n    \u001b[7m122\u001b[0m       search_intent: this.inferSearchIntent(query),\n    \u001b[7m   \u001b[0m \u001b[91m                          ~~~~~~~~~~~~~~~~~\u001b[0m\n    \u001b[96msrc/tools/slackSearchMessages.ts\u001b[0m:\u001b[93m165\u001b[0m:\u001b[93m32\u001b[0m - \u001b[91merror\u001b[0m\u001b[90m TS7006: \u001b[0mParameter 's' implicitly has an 'any' type.\n\n    \u001b[7m165\u001b[0m     const high = scores.filter(s => s > 0.7).length;\n    \u001b[7m   \u001b[0m \u001b[91m                               ~\u001b[0m\n    \u001b[96msrc/tools/slackSearchMessages.ts\u001b[0m:\u001b[93m166\u001b[0m:\u001b[93m34\u001b[0m - \u001b[91merror\u001b[0m\u001b[90m TS7006: \u001b[0mParameter 's' implicitly has an 'any' type.\n\n    \u001b[7m166\u001b[0m     const medium = scores.filter(s => s > 0.4 && s <= 0.7).length;\n    \u001b[7m   \u001b[0m \u001b[91m                                 ~\u001b[0m\n    \u001b[96msrc/tools/slackSearchMessages.ts\u001b[0m:\u001b[93m167\u001b[0m:\u001b[93m31\u001b[0m - \u001b[91merror\u001b[0m\u001b[90m TS7006: \u001b[0mParameter 's' implicitly has an 'any' type.\n\n    \u001b[7m167\u001b[0m     const low = scores.filter(s => s <= 0.4).length;\n    \u001b[7m   \u001b[0m \u001b[91m                              ~\u001b[0m\n    \u001b[96msrc/tools/slackSearchMessages.ts\u001b[0m:\u001b[93m220\u001b[0m:\u001b[93m7\u001b[0m - \u001b[91merror\u001b[0m\u001b[90m TS7053: \u001b[0mElement implicitly has an 'any' type because expression of type 'any' can't be used to index type '{}'.\n\n    \u001b[7m220\u001b[0m       channelCounts[channelName] = (channelCounts[channelName] || 0) + 1;\n    \u001b[7m   \u001b[0m \u001b[91m      ~~~~~~~~~~~~~~~~~~~~~~~~~~\u001b[0m\n    \u001b[96msrc/tools/slackSearchMessages.ts\u001b[0m:\u001b[93m220\u001b[0m:\u001b[93m37\u001b[0m - \u001b[91merror\u001b[0m\u001b[90m TS7053: \u001b[0mElement implicitly has an 'any' type because expression of type 'any' can't be used to index type '{}'.\n\n    \u001b[7m220\u001b[0m       channelCounts[channelName] = (channelCounts[channelName] || 0) + 1;\n    \u001b[7m   \u001b[0m \u001b[91m                                    ~~~~~~~~~~~~~~~~~~~~~~~~~~\u001b[0m\n    \u001b[96msrc/tools/slackSearchMessages.ts\u001b[0m:\u001b[93m297\u001b[0m:\u001b[93m22\u001b[0m - \u001b[91merror\u001b[0m\u001b[90m TS6133: \u001b[0m'query' is declared but its value is never read.\n\n    \u001b[7m297\u001b[0m   suggestRefinements(query: string, result: any): string[] {\n    \u001b[7m   \u001b[0m \u001b[91m                     ~~~~~\u001b[0m\n    \u001b[96msrc/tools/slackSearchMessages.ts\u001b[0m:\u001b[93m312\u001b[0m:\u001b[93m49\u001b[0m - \u001b[91merror\u001b[0m\u001b[90m TS6133: \u001b[0m'args' is declared but its value is never read.\n\n    \u001b[7m312\u001b[0m   generateSearchRecommendations(analytics: any, args: any, result: any): string[] {\n    \u001b[7m   \u001b[0m \u001b[91m                                                ~~~~\u001b[0m\n    \u001b[96msrc/tools/slackSearchMessages.ts\u001b[0m:\u001b[93m312\u001b[0m:\u001b[93m60\u001b[0m - \u001b[91merror\u001b[0m\u001b[90m TS6133: \u001b[0m'result' is declared but its value is never read.\n\n    \u001b[7m312\u001b[0m   generateSearchRecommendations(analytics: any, args: any, result: any): string[] {\n    \u001b[7m   \u001b[0m \u001b[91m                                                           ~~~~~~\u001b[0m\n","name":"/home/ubuntu/mcp-slack-sdk/__tests__/integration/slackSearchMessages.integration.test.ts","startTime":1755947097950,"status":"failed","summary":""},{"assertionResults":[],"coverage":{},"endTime":1755947097950,"message":"  ● Test suite failed to run\n\n    \u001b[96msrc/tools/slackUploadFile.ts\u001b[0m:\u001b[93m154\u001b[0m:\u001b[93m25\u001b[0m - \u001b[91merror\u001b[0m\u001b[90m TS2339: \u001b[0mProperty 'file' does not exist on type 'WebAPICallResult'.\n\n    \u001b[7m154\u001b[0m       if (!uploadResult.file) {\n    \u001b[7m   \u001b[0m \u001b[91m                        ~~~~\u001b[0m\n    \u001b[96msrc/tools/slackUploadFile.ts\u001b[0m:\u001b[93m158\u001b[0m:\u001b[93m41\u001b[0m - \u001b[91merror\u001b[0m\u001b[90m TS2339: \u001b[0mProperty 'file' does not exist on type 'WebAPICallResult'.\n\n    \u001b[7m158\u001b[0m       const uploadedFile = uploadResult.file;\n    \u001b[7m   \u001b[0m \u001b[91m                                        ~~~~\u001b[0m\n","name":"/home/ubuntu/mcp-slack-sdk/__tests__/integration/slackUploadFile.integration.test.ts","startTime":1755947097950,"status":"failed","summary":""},{"assertionResults":[{"ancestorTitles":["slackLeaveChannelTool","Input Validation"],"duration":33,"failureDetails":[],"failureMessages":[],"fullName":"slackLeaveChannelTool Input Validation should validate required channel parameter","invocations":1,"location":null,"numPassingAsserts":2,"retryReasons":[],"status":"passed","title":"should validate required channel parameter"},{"ancestorTitles":["slackLeaveChannelTool","Input Validation"],"duration":1,"failureDetails":[],"failureMessages":[],"fullName":"slackLeaveChannelTool Input Validation should validate channel format","invocations":1,"location":null,"numPassingAsserts":2,"retryReasons":[],"status":"passed","title":"should validate channel format"},{"ancestorTitles":["slackLeaveChannelTool","Input Validation"],"duration":2,"failureDetails":[],"failureMessages":[],"fullName":"slackLeaveChannelTool Input Validation should accept valid channel ID format","invocations":1,"location":null,"numPassingAsserts":3,"retryReasons":[],"status":"passed","title":"should accept valid channel ID format"},{"ancestorTitles":["slackLeaveChannelTool","Input Validation"],"duration":1,"failureDetails":[],"failureMessages":[],"fullName":"slackLeaveChannelTool Input Validation should accept valid channel name format","invocations":1,"location":null,"numPassingAsserts":3,"retryReasons":[],"status":"passed","title":"should accept valid channel name format"},{"ancestorTitles":["slackLeaveChannelTool","Membership Validation"],"duration":1,"failureDetails":[],"failureMessages":[],"fullName":"slackLeaveChannelTool Membership Validation should return early if not a member and check_membership is true","invocations":1,"location":null,"numPassingAsserts":4,"retryReasons":[],"status":"passed","title":"should return early if not a member and check_membership is true"},{"ancestorTitles":["slackLeaveChannelTool","Membership Validation"],"duration":0,"failureDetails":[],"failureMessages":[],"fullName":"slackLeaveChannelTool Membership Validation should proceed with leave if check_membership is false","invocations":1,"location":null,"numPassingAsserts":3,"retryReasons":[],"status":"passed","title":"should proceed with leave if check_membership is false"},{"ancestorTitles":["slackLeaveChannelTool","General Channel Protection"],"duration":3,"failureDetails":[],"failureMessages":[],"fullName":"slackLeaveChannelTool General Channel Protection should prevent leaving general channel when prevent_general_leave is true","invocations":1,"location":null,"numPassingAsserts":3,"retryReasons":[],"status":"passed","title":"should prevent leaving general channel when prevent_general_leave is true"},{"ancestorTitles":["slackLeaveChannelTool","General Channel Protection"],"duration":0,"failureDetails":[],"failureMessages":[],"fullName":"slackLeaveChannelTool General Channel Protection should allow leaving general channel when prevent_general_leave is false","invocations":1,"location":null,"numPassingAsserts":3,"retryReasons":[],"status":"passed","title":"should allow leaving general channel when prevent_general_leave is false"},{"ancestorTitles":["slackLeaveChannelTool","Error Handling"],"duration":1,"failureDetails":[],"failureMessages":[],"fullName":"slackLeaveChannelTool Error Handling should handle channel not found error","invocations":1,"location":null,"numPassingAsserts":2,"retryReasons":[],"status":"passed","title":"should handle channel not found error"},{"ancestorTitles":["slackLeaveChannelTool","Error Handling"],"duration":1,"failureDetails":[],"failureMessages":[],"fullName":"slackLeaveChannelTool Error Handling should handle not_in_channel error","invocations":1,"location":null,"numPassingAsserts":3,"retryReasons":[],"status":"passed","title":"should handle not_in_channel error"},{"ancestorTitles":["slackLeaveChannelTool","Error Handling"],"duration":2,"failureDetails":[],"failureMessages":[],"fullName":"slackLeaveChannelTool Error Handling should handle cant_leave_general error","invocations":1,"location":null,"numPassingAsserts":3,"retryReasons":[],"status":"passed","title":"should handle cant_leave_general error"},{"ancestorTitles":["slackLeaveChannelTool","Error Handling"],"duration":1,"failureDetails":[],"failureMessages":[],"fullName":"slackLeaveChannelTool Error Handling should handle authentication errors","invocations":1,"location":null,"numPassingAsserts":2,"retryReasons":[],"status":"passed","title":"should handle authentication errors"},{"ancestorTitles":["slackLeaveChannelTool","Retry Logic"],"duration":102,"failureDetails":[],"failureMessages":[],"fullName":"slackLeaveChannelTool Retry Logic should retry on retryable errors","invocations":1,"location":null,"numPassingAsserts":4,"retryReasons":[],"status":"passed","title":"should retry on retryable errors"},{"ancestorTitles":["slackLeaveChannelTool","Retry Logic"],"duration":2,"failureDetails":[],"failureMessages":[],"fullName":"slackLeaveChannelTool Retry Logic should not retry on non-retryable errors","invocations":1,"location":null,"numPassingAsserts":2,"retryReasons":[],"status":"passed","title":"should not retry on non-retryable errors"},{"ancestorTitles":["slackLeaveChannelTool","Analytics and Metadata"],"duration":0,"failureDetails":[],"failureMessages":[],"fullName":"slackLeaveChannelTool Analytics and Metadata should include comprehensive analytics when requested","invocations":1,"location":null,"numPassingAsserts":8,"retryReasons":[],"status":"passed","title":"should include comprehensive analytics when requested"},{"ancestorTitles":["slackLeaveChannelTool","Analytics and Metadata"],"duration":1,"failureDetails":[],"failureMessages":[],"fullName":"slackLeaveChannelTool Analytics and Metadata should handle large channel confirmation requirements","invocations":1,"location":null,"numPassingAsserts":2,"retryReasons":[],"status":"passed","title":"should handle large channel confirmation requirements"},{"ancestorTitles":["slackLeaveChannelTool","Private Channel Handling"],"duration":0,"failureDetails":[],"failureMessages":[],"fullName":"slackLeaveChannelTool Private Channel Handling should handle private channel leave successfully","invocations":1,"location":null,"numPassingAsserts":3,"retryReasons":[],"status":"passed","title":"should handle private channel leave successfully"},{"ancestorTitles":["slackLeaveChannelTool","Private Channel Handling"],"duration":1,"failureDetails":[],"failureMessages":[],"fullName":"slackLeaveChannelTool Private Channel Handling should handle post-leave data collection failure for private channels","invocations":1,"location":null,"numPassingAsserts":2,"retryReasons":[],"status":"passed","title":"should handle post-leave data collection failure for private channels"}],"endTime":1755947092509,"message":"","name":"/home/ubuntu/mcp-slack-sdk/__tests__/tools/slackLeaveChannel.test.ts","startTime":1755947091035,"status":"passed","summary":""},{"assertionResults":[],"coverage":{},"endTime":1755947097950,"message":"  ● Test suite failed to run\n\n    \u001b[96msrc/tools/slackUploadFile.ts\u001b[0m:\u001b[93m154\u001b[0m:\u001b[93m25\u001b[0m - \u001b[91merror\u001b[0m\u001b[90m TS2339: \u001b[0mProperty 'file' does not exist on type 'WebAPICallResult'.\n\n    \u001b[7m154\u001b[0m       if (!uploadResult.file) {\n    \u001b[7m   \u001b[0m \u001b[91m                        ~~~~\u001b[0m\n    \u001b[96msrc/tools/slackUploadFile.ts\u001b[0m:\u001b[93m158\u001b[0m:\u001b[93m41\u001b[0m - \u001b[91merror\u001b[0m\u001b[90m TS2339: \u001b[0mProperty 'file' does not exist on type 'WebAPICallResult'.\n\n    \u001b[7m158\u001b[0m       const uploadedFile = uploadResult.file;\n    \u001b[7m   \u001b[0m \u001b[91m                                        ~~~~\u001b[0m\n","name":"/home/ubuntu/mcp-slack-sdk/__tests__/registry/toolRegistry.test.ts","startTime":1755947097950,"status":"failed","summary":""},{"assertionResults":[{"ancestorTitles":["slackListUsersTool","Input Validation"],"duration":8,"failureDetails":[{"matcherResult":{"message":"expect(received).toHaveLength(expected)\n\nExpected length: 1\nReceived length: 0\nReceived array:  []","pass":false}}],"failureMessages":["Error: expect(received).toHaveLength(expected)\n\nExpected length: 1\nReceived length: 0\nReceived array:  []\n    at Object.<anonymous> (/home/ubuntu/mcp-slack-sdk/__tests__/tools/slackListUsers.test.ts:70:28)\n    at processTicksAndRejections (node:internal/process/task_queues:105:5)"],"fullName":"slackListUsersTool Input Validation should accept valid input with defaults","invocations":1,"location":null,"numPassingAsserts":1,"retryReasons":[],"status":"failed","title":"should accept valid input with defaults"},{"ancestorTitles":["slackListUsersTool","Input Validation"],"duration":27,"failureDetails":[],"failureMessages":[],"fullName":"slackListUsersTool Input Validation should validate limit parameter","invocations":1,"location":null,"numPassingAsserts":2,"retryReasons":[],"status":"passed","title":"should validate limit parameter"},{"ancestorTitles":["slackListUsersTool","Input Validation"],"duration":2,"failureDetails":[],"failureMessages":[],"fullName":"slackListUsersTool Input Validation should validate sort_by parameter","invocations":1,"location":null,"numPassingAsserts":2,"retryReasons":[],"status":"passed","title":"should validate sort_by parameter"},{"ancestorTitles":["slackListUsersTool","Input Validation"],"duration":2,"failureDetails":[{"matcherResult":{"message":"expect(received).toContain(expected) // indexOf\n\nExpected substring: \"Validation failed\"\nReceived string:    \"Cannot read properties of undefined (reading 'members')\"","pass":false}}],"failureMessages":["Error: expect(received).toContain(expected) // indexOf\n\nExpected substring: \"Validation failed\"\nReceived string:    \"Cannot read properties of undefined (reading 'members')\"\n    at Object.<anonymous> (/home/ubuntu/mcp-slack-sdk/__tests__/tools/slackListUsers.test.ts:93:28)\n    at processTicksAndRejections (node:internal/process/task_queues:105:5)"],"fullName":"slackListUsersTool Input Validation should validate filter_by_status parameter","invocations":1,"location":null,"numPassingAsserts":1,"retryReasons":[],"status":"failed","title":"should validate filter_by_status parameter"},{"ancestorTitles":["slackListUsersTool","Input Validation"],"duration":1,"failureDetails":[{"matcherResult":{"message":"expect(received).toContain(expected) // indexOf\n\nExpected substring: \"Validation failed\"\nReceived string:    \"Cannot read properties of undefined (reading 'members')\"","pass":false}}],"failureMessages":["Error: expect(received).toContain(expected) // indexOf\n\nExpected substring: \"Validation failed\"\nReceived string:    \"Cannot read properties of undefined (reading 'members')\"\n    at Object.<anonymous> (/home/ubuntu/mcp-slack-sdk/__tests__/tools/slackListUsers.test.ts:100:28)\n    at processTicksAndRejections (node:internal/process/task_queues:105:5)"],"fullName":"slackListUsersTool Input Validation should validate filter_by_role parameter","invocations":1,"location":null,"numPassingAsserts":1,"retryReasons":[],"status":"failed","title":"should validate filter_by_role parameter"},{"ancestorTitles":["slackListUsersTool","User Filtering"],"duration":0,"failureDetails":[{"matcherResult":{"message":"expect(received).toHaveLength(expected)\n\nExpected length: 1\nReceived length: 0\nReceived array:  []","pass":false}}],"failureMessages":["Error: expect(received).toHaveLength(expected)\n\nExpected length: 1\nReceived length: 0\nReceived array:  []\n    at Object.<anonymous> (/home/ubuntu/mcp-slack-sdk/__tests__/tools/slackListUsers.test.ts:140:28)\n    at processTicksAndRejections (node:internal/process/task_queues:105:5)"],"fullName":"slackListUsersTool User Filtering should filter by account type - regular users only","invocations":1,"location":null,"numPassingAsserts":1,"retryReasons":[],"status":"failed","title":"should filter by account type - regular users only"},{"ancestorTitles":["slackListUsersTool","User Filtering"],"duration":0,"failureDetails":[{"matcherResult":{"message":"expect(received).toHaveLength(expected)\n\nExpected length: 1\nReceived length: 0\nReceived array:  []","pass":false}}],"failureMessages":["Error: expect(received).toHaveLength(expected)\n\nExpected length: 1\nReceived length: 0\nReceived array:  []\n    at Object.<anonymous> (/home/ubuntu/mcp-slack-sdk/__tests__/tools/slackListUsers.test.ts:161:28)\n    at processTicksAndRejections (node:internal/process/task_queues:105:5)"],"fullName":"slackListUsersTool User Filtering should filter by account type - bots only","invocations":1,"location":null,"numPassingAsserts":1,"retryReasons":[],"status":"failed","title":"should filter by account type - bots only"},{"ancestorTitles":["slackListUsersTool","User Filtering"],"duration":1,"failureDetails":[{"matcherResult":{"message":"expect(received).toHaveLength(expected)\n\nExpected length: 1\nReceived length: 0\nReceived array:  []","pass":false}}],"failureMessages":["Error: expect(received).toHaveLength(expected)\n\nExpected length: 1\nReceived length: 0\nReceived array:  []\n    at Object.<anonymous> (/home/ubuntu/mcp-slack-sdk/__tests__/tools/slackListUsers.test.ts:183:28)\n    at processTicksAndRejections (node:internal/process/task_queues:105:5)"],"fullName":"slackListUsersTool User Filtering should filter by role - admins only","invocations":1,"location":null,"numPassingAsserts":1,"retryReasons":[],"status":"failed","title":"should filter by role - admins only"},{"ancestorTitles":["slackListUsersTool","User Filtering"],"duration":1,"failureDetails":[{"matcherResult":{"message":"expect(received).toHaveLength(expected)\n\nExpected length: 2\nReceived length: 0\nReceived array:  []","pass":false}}],"failureMessages":["Error: expect(received).toHaveLength(expected)\n\nExpected length: 2\nReceived length: 0\nReceived array:  []\n    at Object.<anonymous> (/home/ubuntu/mcp-slack-sdk/__tests__/tools/slackListUsers.test.ts:205:28)\n    at processTicksAndRejections (node:internal/process/task_queues:105:5)"],"fullName":"slackListUsersTool User Filtering should filter by name","invocations":1,"location":null,"numPassingAsserts":1,"retryReasons":[],"status":"failed","title":"should filter by name"},{"ancestorTitles":["slackListUsersTool","User Filtering"],"duration":0,"failureDetails":[{"matcherResult":{"message":"expect(received).toHaveLength(expected)\n\nExpected length: 1\nReceived length: 0\nReceived array:  []","pass":false}}],"failureMessages":["Error: expect(received).toHaveLength(expected)\n\nExpected length: 1\nReceived length: 0\nReceived array:  []\n    at Object.<anonymous> (/home/ubuntu/mcp-slack-sdk/__tests__/tools/slackListUsers.test.ts:226:28)\n    at processTicksAndRejections (node:internal/process/task_queues:105:5)"],"fullName":"slackListUsersTool User Filtering should filter by timezone","invocations":1,"location":null,"numPassingAsserts":1,"retryReasons":[],"status":"failed","title":"should filter by timezone"},{"ancestorTitles":["slackListUsersTool","User Filtering"],"duration":0,"failureDetails":[{"matcherResult":{"message":"expect(received).toHaveLength(expected)\n\nExpected length: 1\nReceived length: 0\nReceived array:  []","pass":false}}],"failureMessages":["Error: expect(received).toHaveLength(expected)\n\nExpected length: 1\nReceived length: 0\nReceived array:  []\n    at Object.<anonymous> (/home/ubuntu/mcp-slack-sdk/__tests__/tools/slackListUsers.test.ts:257:28)\n    at processTicksAndRejections (node:internal/process/task_queues:105:5)"],"fullName":"slackListUsersTool User Filtering should filter by department","invocations":1,"location":null,"numPassingAsserts":1,"retryReasons":[],"status":"failed","title":"should filter by department"},{"ancestorTitles":["slackListUsersTool","User Filtering"],"duration":1,"failureDetails":[{"matcherResult":{"message":"expect(received).toHaveLength(expected)\n\nExpected length: 1\nReceived length: 0\nReceived array:  []","pass":false}}],"failureMessages":["Error: expect(received).toHaveLength(expected)\n\nExpected length: 1\nReceived length: 0\nReceived array:  []\n    at Object.<anonymous> (/home/ubuntu/mcp-slack-sdk/__tests__/tools/slackListUsers.test.ts:277:28)\n    at processTicksAndRejections (node:internal/process/task_queues:105:5)"],"fullName":"slackListUsersTool User Filtering should exclude deleted users by default","invocations":1,"location":null,"numPassingAsserts":1,"retryReasons":[],"status":"failed","title":"should exclude deleted users by default"},{"ancestorTitles":["slackListUsersTool","User Filtering"],"duration":1,"failureDetails":[{"matcherResult":{"message":"expect(received).toHaveLength(expected)\n\nExpected length: 2\nReceived length: 0\nReceived array:  []","pass":false}}],"failureMessages":["Error: expect(received).toHaveLength(expected)\n\nExpected length: 2\nReceived length: 0\nReceived array:  []\n    at Object.<anonymous> (/home/ubuntu/mcp-slack-sdk/__tests__/tools/slackListUsers.test.ts:298:28)\n    at processTicksAndRejections (node:internal/process/task_queues:105:5)"],"fullName":"slackListUsersTool User Filtering should include deleted users when requested","invocations":1,"location":null,"numPassingAsserts":1,"retryReasons":[],"status":"failed","title":"should include deleted users when requested"},{"ancestorTitles":["slackListUsersTool","Presence Integration"],"duration":0,"failureDetails":[{}],"failureMessages":["TypeError: Cannot read properties of undefined (reading 'presence')\n    at Object.<anonymous> (/home/ubuntu/mcp-slack-sdk/__tests__/tools/slackListUsers.test.ts:330:30)\n    at processTicksAndRejections (node:internal/process/task_queues:105:5)"],"fullName":"slackListUsersTool Presence Integration should include presence data when requested","invocations":1,"location":null,"numPassingAsserts":1,"retryReasons":[],"status":"failed","title":"should include presence data when requested"},{"ancestorTitles":["slackListUsersTool","Presence Integration"],"duration":0,"failureDetails":[{}],"failureMessages":["TypeError: Cannot read properties of undefined (reading 'presence')\n    at Object.<anonymous> (/home/ubuntu/mcp-slack-sdk/__tests__/tools/slackListUsers.test.ts:356:30)\n    at processTicksAndRejections (node:internal/process/task_queues:105:5)"],"fullName":"slackListUsersTool Presence Integration should handle presence API errors gracefully","invocations":1,"location":null,"numPassingAsserts":1,"retryReasons":[],"status":"failed","title":"should handle presence API errors gracefully"},{"ancestorTitles":["slackListUsersTool","Presence Integration"],"duration":0,"failureDetails":[],"failureMessages":[],"fullName":"slackListUsersTool Presence Integration should skip presence for bots","invocations":1,"location":null,"numPassingAsserts":2,"retryReasons":[],"status":"passed","title":"should skip presence for bots"},{"ancestorTitles":["slackListUsersTool","Presence Integration"],"duration":0,"failureDetails":[{"matcherResult":{"message":"expect(received).toHaveLength(expected)\n\nExpected length: 1\nReceived length: 0\nReceived array:  []","pass":false}}],"failureMessages":["Error: expect(received).toHaveLength(expected)\n\nExpected length: 1\nReceived length: 0\nReceived array:  []\n    at Object.<anonymous> (/home/ubuntu/mcp-slack-sdk/__tests__/tools/slackListUsers.test.ts:402:28)\n    at processTicksAndRejections (node:internal/process/task_queues:105:5)"],"fullName":"slackListUsersTool Presence Integration should filter by presence status","invocations":1,"location":null,"numPassingAsserts":1,"retryReasons":[],"status":"failed","title":"should filter by presence status"},{"ancestorTitles":["slackListUsersTool","Sorting"],"duration":3,"failureDetails":[{"matcherResult":{"actual":[],"expected":["alice","bob","charlie"],"message":"expect(received).toEqual(expected) // deep equality\n\n- Expected  - 5\n+ Received  + 1\n\n- Array [\n-   \"alice\",\n-   \"bob\",\n-   \"charlie\",\n- ]\n+ Array []","name":"toEqual","pass":false}}],"failureMessages":["Error: expect(received).toEqual(expected) // deep equality\n\n- Expected  - 5\n+ Received  + 1\n\n- Array [\n-   \"alice\",\n-   \"bob\",\n-   \"charlie\",\n- ]\n+ Array []\n    at Object.<anonymous> (/home/ubuntu/mcp-slack-sdk/__tests__/tools/slackListUsers.test.ts:443:52)\n    at processTicksAndRejections (node:internal/process/task_queues:105:5)"],"fullName":"slackListUsersTool Sorting should sort by name ascending (default)","invocations":1,"location":null,"numPassingAsserts":1,"retryReasons":[],"status":"failed","title":"should sort by name ascending (default)"},{"ancestorTitles":["slackListUsersTool","Sorting"],"duration":1,"failureDetails":[{"matcherResult":{"actual":[],"expected":["charlie","bob","alice"],"message":"expect(received).toEqual(expected) // deep equality\n\n- Expected  - 5\n+ Received  + 1\n\n- Array [\n-   \"charlie\",\n-   \"bob\",\n-   \"alice\",\n- ]\n+ Array []","name":"toEqual","pass":false}}],"failureMessages":["Error: expect(received).toEqual(expected) // deep equality\n\n- Expected  - 5\n+ Received  + 1\n\n- Array [\n-   \"charlie\",\n-   \"bob\",\n-   \"alice\",\n- ]\n+ Array []\n    at Object.<anonymous> (/home/ubuntu/mcp-slack-sdk/__tests__/tools/slackListUsers.test.ts:459:52)\n    at processTicksAndRejections (node:internal/process/task_queues:105:5)"],"fullName":"slackListUsersTool Sorting should sort by name descending","invocations":1,"location":null,"numPassingAsserts":1,"retryReasons":[],"status":"failed","title":"should sort by name descending"},{"ancestorTitles":["slackListUsersTool","Sorting"],"duration":6,"failureDetails":[{"matcherResult":{"actual":[],"expected":["Alice Smith","Bob Johnson","Charlie Brown"],"message":"expect(received).toEqual(expected) // deep equality\n\n- Exp
[...]
","locations":[{"start":{"line":419,"column":17},"end":{"line":419,"column":23}},{"start":{"line":419,"column":27},"end":{"line":419,"column":29}}]},"73":{"loc":{"start":{"line":422,"column":17},"end":{"line":422,"column":44}},"type":"binary-expr","locations":[{"start":{"line":422,"column":17},"end":{"line":422,"column":28}},{"start":{"line":422,"column":32},"end":{"line":422,"column":38}},{"start":{"line":422,"column":42},"end":{"line":422,"column":44}}]},"74":{"loc":{"start":{"line":423,"column":17},"end":{"line":423,"column":44}},"type":"binary-expr","locations":[{"start":{"line":423,"column":17},"end":{"line":423,"column":28}},{"start":{"line":423,"column":32},"end":{"line":423,"column":38}},{"start":{"line":423,"column":42},"end":{"line":423,"column":44}}]},"75":{"loc":{"start":{"line":426,"column":17},"end":{"line":426,"column":71}},"type":"binary-expr","locations":[{"start":{"line":426,"column":17},"end":{"line":426,"column":40}},{"start":{"line":426,"column":44},"end":{"line":426,"column":55}},{"start":{"line":426,"column":59},"end":{"line":426,"column":65}},{"start":{"line":426,"column":69},"end":{"line":426,"column":71}}]},"76":{"loc":{"start":{"line":427,"column":17},"end":{"line":427,"column":71}},"type":"binary-expr","locations":[{"start":{"line":427,"column":17},"end":{"line":427,"column":40}},{"start":{"line":427,"column":44},"end":{"line":427,"column":55}},{"start":{"line":427,"column":59},"end":{"line":427,"column":65}},{"start":{"line":427,"column":69},"end":{"line":427,"column":71}}]},"77":{"loc":{"start":{"line":430,"column":17},"end":{"line":430,"column":48}},"type":"binary-expr","locations":[{"start":{"line":430,"column":17},"end":{"line":430,"column":35}},{"start":{"line":430,"column":39},"end":{"line":430,"column":48}}]},"78":{"loc":{"start":{"line":431,"column":17},"end":{"line":431,"column":48}},"type":"binary-expr","locations":[{"start":{"line":431,"column":17},"end":{"line":431,"column":35}},{"start":{"line":431,"column":39},"end":{"line":431,"column":48}}]},"79":{"loc":{"start":{"line":434,"column":17},"end":{"line":434,"column":47}},"type":"binary-expr","locations":[{"start":{"line":434,"column":17},"end":{"line":434,"column":42}},{"start":{"line":434,"column":46},"end":{"line":434,"column":47}}]},"80":{"loc":{"start":{"line":435,"column":17},"end":{"line":435,"column":47}},"type":"binary-expr","locations":[{"start":{"line":435,"column":17},"end":{"line":435,"column":42}},{"start":{"line":435,"column":46},"end":{"line":435,"column":47}}]},"81":{"loc":{"start":{"line":438,"column":17},"end":{"line":438,"column":61}},"type":"binary-expr","locations":[{"start":{"line":438,"column":17},"end":{"line":438,"column":56}},{"start":{"line":438,"column":60},"end":{"line":438,"column":61}}]},"82":{"loc":{"start":{"line":439,"column":17},"end":{"line":439,"column":61}},"type":"binary-expr","locations":[{"start":{"line":439,"column":17},"end":{"line":439,"column":56}},{"start":{"line":439,"column":60},"end":{"line":439,"column":61}}]},"83":{"loc":{"start":{"line":442,"column":17},"end":{"line":442,"column":29}},"type":"binary-expr","locations":[{"start":{"line":442,"column":17},"end":{"line":442,"column":23}},{"start":{"line":442,"column":27},"end":{"line":442,"column":29}}]},"84":{"loc":{"start":{"line":443,"column":17},"end":{"line":443,"column":29}},"type":"binary-expr","locations":[{"start":{"line":443,"column":17},"end":{"line":443,"column":23}},{"start":{"line":443,"column":27},"end":{"line":443,"column":29}}]},"85":{"loc":{"start":{"line":446,"column":4},"end":{"line":449,"column":5}},"type":"if","locations":[{"start":{"line":446,"column":4},"end":{"line":449,"column":5}}]},"86":{"loc":{"start":{"line":446,"column":8},"end":{"line":446,"column":64}},"type":"binary-expr","locations":[{"start":{"line":446,"column":8},"end":{"line":446,"column":34}},{"start":{"line":446,"column":38},"end":{"line":446,"column":64}}]},"87":{"loc":{"start":{"line":448,"column":13},"end":{"line":448,"column":64}},"type":"cond-expr","locations":[{"start":{"line":448,"column":40},"end":{"line":448,"column":51}},{"start":{"line":448,"column":54},"end":{"line":448,"column":64}}]},"88":{"loc":{"start":{"line":452,"column":11},"end":{"line":452,"column":62}},"type":"cond-expr","locations":[{"start":{"line":452,"column":38},"end":{"line":452,"column":49}},{"start":{"line":452,"column":52},"end":{"line":452,"column":62}}]},"89":{"loc":{"start":{"line":501,"column":4},"end":{"line":509,"column":5}},"type":"if","locations":[{"start":{"line":501,"column":4},"end":{"line":509,"column":5}},{"start":{"line":503,"column":11},"end":{"line":509,"column":5}}]},"90":{"loc":{"start":{"line":503,"column":11},"end":{"line":509,"column":5}},"type":"if","locations":[{"start":{"line":503,"column":11},"end":{"line":509,"column":5}},{"start":{"line":505,"column":11},"end":{"line":509,"column":5}}]},"91":{"loc":{"start":{"line":505,"column":11},"end":{"line":509,"column":5}},"type":"if","locations":[{"start":{"line":505,"column":11},"end":{"line":509,"column":5}},{"start":{"line":507,"column":11},"end":{"line":509,"column":5}}]},"92":{"loc":{"start":{"line":512,"column":4},"end":{"line":515,"column":5}},"type":"if","locations":[{"start":{"line":512,"column":4},"end":{"line":515,"column":5}}]},"93":{"loc":{"start":{"line":518,"column":19},"end":{"line":518,"column":53}},"type":"binary-expr","locations":[{"start":{"line":518,"column":19},"end":{"line":518,"column":40}},{"start":{"line":518,"column":44},"end":{"line":518,"column":53}}]},"94":{"loc":{"start":{"line":522,"column":4},"end":{"line":529,"column":5}},"type":"if","locations":[{"start":{"line":522,"column":4},"end":{"line":529,"column":5}}]},"95":{"loc":{"start":{"line":526,"column":6},"end":{"line":528,"column":7}},"type":"if","locations":[{"start":{"line":526,"column":6},"end":{"line":528,"column":7}}]},"96":{"loc":{"start":{"line":531,"column":4},"end":{"line":533,"column":5}},"type":"if","locations":[{"start":{"line":531,"column":4},"end":{"line":533,"column":5}}]},"97":{"loc":{"start":{"line":531,"column":8},"end":{"line":531,"column":63}},"type":"binary-expr","locations":[{"start":{"line":531,"column":8},"end":{"line":531,"column":33}},{"start":{"line":531,"column":37},"end":{"line":531,"column":63}}]},"98":{"loc":{"start":{"line":535,"column":4},"end":{"line":537,"column":5}},"type":"if","locations":[{"start":{"line":535,"column":4},"end":{"line":537,"column":5}}]},"99":{"loc":{"start":{"line":540,"column":4},"end":{"line":553,"column":5}},"type":"if","locations":[{"start":{"line":540,"column":4},"end":{"line":553,"column":5}},{"start":{"line":542,"column":11},"end":{"line":553,"column":5}}]},"100":{"loc":{"start":{"line":542,"column":11},"end":{"line":553,"column":5}},"type":"if","locations":[{"start":{"line":542,"column":11},"end":{"line":553,"column":5}},{"start":{"line":551,"column":11},"end":{"line":553,"column":5}}]},"101":{"loc":{"start":{"line":546,"column":6},"end":{"line":550,"column":7}},"type":"if","locations":[{"start":{"line":546,"column":6},"end":{"line":550,"column":7}},{"start":{"line":548,"column":13},"end":{"line":550,"column":7}}]},"102":{"loc":{"start":{"line":557,"column":2},"end":{"line":559,"column":3}},"type":"if","locations":[{"start":{"line":557,"column":2},"end":{"line":559,"column":3}}]}},"s":{"0":1,"1":1,"2":1,"3":1,"4":1,"5":30,"6":30,"7":30,"8":26,"9":25,"10":1,"11":22,"12":22,"13":22,"14":0,"15":0,"16":0,"17":0,"18":0,"19":0,"20":0,"21":0,"22":0,"23":0,"24":0,"25":22,"26":22,"27":22,"28":22,"29":22,"30":22,"31":8,"32":8,"33":8,"34":8,"35":22,"36":43,"37":1,"38":42,"39":0,"40":42,"41":42,"42":0,"43":0,"44":0,"45":0,"46":0,"47":0,"48":0,"49":0,"50":0,"51":0,"52":0,"53":0,"54":42,"55":42,"56":42,"57":42,"58":0,"59":0,"60":0,"61":0,"62":0,"63":0,"64":0,"65":0,"66":0,"67":0,"68":0,"69":0,"70":0,"71":0,"72":22,"73":0,"74":0,"75":0,"76":0,"77":42,"78":1,"79":41,"80":2,"81":39,"82":0,"83":39,"84":0,"85":39,"86":0,"87":39,"88":0,"89":0,"90":0,"91":0,"92":0,"93":0,"94":0,"95":0,"96":0,"97":0,"98":0,"99":0,"100":0,"101":0,"102":0,"103":0,"104":0,"105":0,"106":0,"107":0,"108":0,"109":0,"110":0,"111":0,"112":22,"113":0,"114":0,"115":0,"116":0,"117":0,"118":0,"119":0,"120":0,"121":0,"122":0,"123":0,"124":0,"125":0,"126":0,"127":0,"128":0,"129":0,"130":0,"131":0,"132":0,"133":0,"134":0,"135":0,"136":0,"137":0,"138":0,"139":22,"140":22,"141":22,"142":22,"143":0,"144":0,"145":0,"146":0,"147":0,"148":0,"149":0,"150":0,"151":0,"152":0,"153":0,"154":0,"155":0,"156":0,"157":0,"158":0,"159":0,"160":0,"161":0,"162":0,"163":0,"164":0,"165":0,"166":0,"167":0,"168":0,"169":0,"170":0,"171":0,"172":0,"173":22,"174":0,"175":22},"f":{"0":30,"1":0,"2":22,"3":43,"4":22,"5":0,"6":42,"7":0,"8":0,"9":0,"10":22,"11":0,"12":22,"13":0},"b":{"0":[1],"1":[0],"2":[0,0,0],"3":[0,0],"4":[0],"5":[22,0],"6":[22,0],"7":[22,21],"8":[22,21],"9":[1],"10":[43,41],"11":[0],"12":[42,0],"13":[42],"14":[0,0,0,0],"15":[0],"16":[0,0,0],"17":[0],"18":[0],"19":[0],"20":[42],"21":[42],"22":[0],"23":[0,0,0],"24":[0],"25":[0],"26":[0],"27":[0],"28":[0,0],"29":[0],"30":[0],"31":[0,0],"32":[0],"33":[1],"34":[2],"35":[0],"36":[0],"37":[0],"38":[0,0],"39":[0,0],"40":[0,0],"41":[0,0],"42":[0,0],"43":[0,0],"44":[0,0],"45":[0,0],"46":[0,0],"47":[0,0],"48":[0],"49":[0],"50":[0],"51":[0],"52":[0],"53":[0],"54":[0,0],"55":[0],"56":[0,0],"57":[0],"58":[0],"59":[0,0],"60":[0,0],"61":[0,0],"62":[0,0],"63":[0,0],"64":[0,0],"65":[0,0],"66":[0,0],"67":[0,0],"68":[0,0],"69":[0,0],"70":[0,0,0,0,0,0,0],"71":[0,0],"72":[0,0],"73":[0,0,0],"74":[0,0,0],"75":[0,0,0,0],"76":[0,0,0,0],"77":[0,0],"78":[0,0],"79":[0,0],"80":[0,0],"81":[0,0],"82":[0,0],"83":[0,0],"84":[0,0],"85":[0],"86":[0,0],"87":[0,0],"88":[0,0],"89":[0,0],"90":[0,0],"91":[0,0],"92":[0],"93":[0,0],"94":[0],"95":[0],"96":[0],"97":[0,0],"98":[0],"99":[0,0],"100":[0,0],"101":[0,0],"102":[0]}},"/home/ubuntu/mcp-slack-sdk/src/healthcheck.ts":{"path":"/home/ubuntu/mcp-slack-sdk/src/healthcheck.ts","statementMap":{"0":{"start":{"line":31,"column":9},"end":{"line":31,"column":20}},"1":{"start":{"line":5,"column":0},"end":{"line":5,"column":50}},"2":{"start":{"line":6,"column":0},"end":{"line":6,"column":40}},"3":{"start":{"line":9,"column":2},"end":{"line":23,"column":3}},"4":{"start":{"line":11,"column":24},"end":{"line":11,"column":58}},"5":{"start":{"line":13,"column":4},"end":{"line":16,"column":5}},"6":{"start":{"line":14,"column":6},"end":{"line":14,"column":72}},"7":{"start":{"line":15,"column":6},"end":{"line":15,"column":22}},"8":{"start":{"line":18,"column":4},"end":{"line":18,"column":64}},"9":{"start":{"line":19,"column":4},"end":{"line":19,"column":20}},"10":{"start":{"line":21,"column":4},"end":{"line":21,"column":48}},"11":{"start":{"line":22,"column":4},"end":{"line":22,"column":20}},"12":{"start":{"line":27,"column":0},"end":{"line":29,"column":1}},"13":{"start":{"line":28,"column":2},"end":{"line":28,"column":16}}},"fnMap":{"0":{"name":"healthCheck","decl":{"start":{"line":8,"column":15},"end":{"line":8,"column":26}},"loc":{"start":{"line":8,"column":26},"end":{"line":24,"column":1}}}},"branchMap":{"0":{"loc":{"start":{"line":13,"column":4},"end":{"line":16,"column":5}},"type":"if","locations":[{"start":{"line":13,"column":4},"end":{"line":16,"column":5}}]},"1":{"loc":{"start":{"line":27,"column":0},"end":{"line":29,"column":1}},"type":"if","locations":[{"start":{"line":27,"column":0},"end":{"line":29,"column":1}}]}},"s":{"0":0,"1":0,"2":0,"3":0,"4":0,"5":0,"6":0,"7":0,"8":0,"9":0,"10":0,"11":0,"12":0,"13":0},"f":{"0":0},"b":{"0":[0],"1":[0]}},"/home/ubuntu/mcp-slack-sdk/src/registry/toolRegistry.ts":{"path":"/home/ubuntu/mcp-slack-sdk/src/registry/toolRegistry.ts","statementMap":{"0":{"start":{"line":3,"column":0},"end":{"line":3,"column":40}},"1":{"start":{"line":23,"column":40},"end":{"line":23,"column":49}},"2":{"start":{"line":29,"column":4},"end":{"line":31,"column":5}},"3":{"start":{"line":30,"column":6},"end":{"line":30,"column":77}},"4":{"start":{"line":33,"column":4},"end":{"line":33,"column":36}},"5":{"start":{"line":34,"column":4},"end":{"line":34,"column":50}},"6":{"start":{"line":41,"column":4},"end":{"line":41,"column":32}},"7":{"start":{"line":48,"column":4},"end":{"line":48,"column":43}},"8":{"start":{"line":55,"column":4},"end":{"line":55,"column":41}},"9":{"start":{"line":62,"column":4},"end":{"line":62,"column":32}},"10":{"start":{"line":69,"column":20},"end":{"line":69,"column":43}},"11":{"start":{"line":70,"column":4},"end":{"line":72,"column":5}},"12":{"start":{"line":71,"column":6},"end":{"line":71,"column":49}},"13":{"start":{"line":73,"column":4},"end":{"line":73,"column":19}},"14":{"start":{"line":80,"column":4},"end":{"line":80,"column":23}},"15":{"start":{"line":81,"column":4},"end":{"line":81,"column":52}},"16":{"start":{"line":88,"column":4},"end":{"line":91,"column":6}},"17":{"start":{"line":96,"column":13},"end":{"line":96,"column":47}},"18":{"start":{"line":99,"column":0},"end":{"line":99,"column":64}},"19":{"start":{"line":100,"column":0},"end":{"line":100,"column":76}},"20":{"start":{"line":101,"column":0},"end":{"line":101,"column":68}},"21":{"start":{"line":102,"column":0},"end":{"line":102,"column":64}},"22":{"start":{"line":103,"column":0},"end":{"line":103,"column":62}},"23":{"start":{"line":104,"column":0},"end":{"line":104,"column":70}},"24":{"start":{"line":105,"column":0},"end":{"line":105,"column":60}},"25":{"start":{"line":106,"column":0},"end":{"line":106,"column":74}},"26":{"start":{"line":107,"column":0},"end":{"line":107,"column":66}},"27":{"start":{"line":108,"column":0},"end":{"line":108,"column":60}},"28":{"start":{"line":109,"column":0},"end":{"line":109,"column":64}},"29":{"start":{"line":110,"column":0},"end":{"line":110,"column":66}},"30":{"start":{"line":111,"column":0},"end":{"line":111,"column":70}},"31":{"start":{"line":114,"column":0},"end":{"line":114,"column":76}},"32":{"start":{"line":115,"column":0},"end":{"line":115,"column":82}},"33":{"start":{"line":116,"column":0},"end":{"line":116,"column":82}},"34":{"start":{"line":117,"column":0},"end":{"line":117,"column":82}},"35":{"start":{"line":118,"column":0},"end":{"line":118,"column":76}},"36":{"start":{"line":121,"column":0},"end":{"line":121,"column":62}},"37":{"start":{"line":122,"column":0},"end":{"line":122,"column":62}},"38":{"start":{"line":123,"column":0},"end":{"line":123,"column":66}},"39":{"start":{"line":124,"column":0},"end":{"line":124,"column":72}},"40":{"start":{"line":125,"column":0},"end":{"line":125,"column":66}},"41":{"start":{"line":126,"column":0},"end":{"line":126,"column":58}},"42":{"start":{"line":129,"column":0},"end":{"line":129,"column":56}},"43":{"start":{"line":130,"column":0},"end":{"line":130,"column":62}},"44":{"start":{"line":131,"column":0},"end":{"line":131,"column":58}},"45":{"start":{"line":132,"column":0},"end":{"line":132,"column":68}},"46":{"start":{"line":133,"column":0},"end":{"line":133,"column":60}},"47":{"start":{"line":134,"column":0},"end":{"line":134,"column":60}},"48":{"start":{"line":137,"column":0},"end":{"line":137,"column":78}},"49":{"start":{"line":138,"column":0},"end":{"line":138,"column":66}},"50":{"start":{"line":139,"column":0},"end":{"line":139,"column":62}},"51":{"start":{"line":142,"column":0},"end":{"line":142,"column":44}},"52":{"start":{"line":143,"column":0},"end":{"line":143,"column":50}},"53":{"start":{"line":144,"column":0},"end":{"line":144,"column":46}},"54":{"start":{"line":145,"column":0},"end":{"line":145,"column":44}},"55":{"start":{"line":146,"column":0},"end":{"line":146,"column":43}},"56":{"start":{"line":147,"column":0},"end":{"line":147,"column":47}},"57":{"start":{"line":148,"column":0},"end":{"line":148,"column":42}},"58":{"start":{"line":149,"column":0},"end":{"line":149,"column":49}},"59":{"start":{"line":150,"column":0},"end":{"line":150,"column":45}},"60":{"start":{"line":151,"column":0},"end":{"line":151,"column":42}},"61":{"start":{"line":152,"column":0},"end":{"line":152,"column":44}},"62":{"start":{"line":153,"column":0},"end":{"line":153,"column":45}},"63":{"start":{"line":154,"column":0},"end":{"line":154,"column":47}},"64":{"start":{"line":157,"column":0},"end":{"line":157,"column":50}},"65":{"start":{"line":158,"column":0},"end":{"line":158,"column":53}},"66":{"start":{"line":159,"column":0},"end":{"line":159,"column":53}},"67":{"start":{"line":160,"column":0},"end":{"line":160,"column":53}},"68":{"start":{"line":161,"column":0},"end":{"line":161,"column":50}},"69":{"start":{"line":164,"column":0},"end":{"line":164,"column":43}},"70":{"start":{"line":165,"column":0},"end":{"line":165,"column":43}},"71":{"start":{"line":166,"column":0},"end":{"line":166,"column":45}},"72":{"start":{"line":167,"column":0},"end":{"line":167,"column":48}},"73":{"start":{"line":168,"column":0},"end":{"line":168,"column":45}},"74":{"start":{"line":169,"column":0},"end":{"line":169,"column":41}},"75":{"start":{"line":172,"column":0},"end":{"line":172,"column":40}},"76":{"start":{"line":173,"column":0},"end":{"line":173,"column":43}},"77":{"start":{"line":174,"column":0},"end":{"line":174,"column":41}},"78":{"start":{"line":175,"column":0},"end":{"line":175,"column":46}},"79":{"start":{"line":176,"column":0},"end":{"line":176,"column":47}},"80":{"start":{"line":177,"column":0},"end":{"line":177,"column":42}},"81":{"start":{"line":178,"column":0},"end":{"line":178,"column":42}},"82":{"start":{"line":181,"column":0},"end":{"line":181,"column":51}},"83":{"start":{"line":182,"column":0},"end":{"line":182,"column":45}},"84":{"start":{"line":183,"column":0},"end":{"line":183,"column":43}},"85":{"start":{"line":185,"column":0},"end":{"line":185,"column":81}}},"fnMap":{"0":{"name":"(anonymous_0)","decl":{"start":{"line":28,"column":2},"end":{"line":28,"column":10}},"loc":{"start":{"line":28,"column":24},"end":{"line":35,"column":3}}},"1":{"name":"(anonymous_1)","decl":{"start":{"line":40,"column":2},"end":{"line":40,"column":9}},"loc":{"start":{"line":40,"column":22},"end":{"line":42,"column":3}}},"2":{"name":"(anonymous_2)","decl":{"start":{"line":47,"column":2},"end":{"line":47,"column":13}},"loc":{"start":{"line":47,"column":13},"end":{"line":49,"column":3}}},"3":{"name":"(anonymous_3)","decl":{"start":{"line":54,"column":2},"end":{"line":54,"column":14}},"loc":{"start":{"line":54,"column":14},"end":{"line":56,"column":3}}},"4":{"name":"(anonymous_4)","decl":{"start":{"line":61,"column":2},"end":{"line":61,"column":9}},"loc":{"start":{"line":61,"column":22},"end":{"line":63,"column":3}}},"5":{"name":"(anonymous_5)","decl":{"start":{"line":68,"column":2},"end":{"line":68,"column":12}},"loc":{"start":{"line":68,"column":25},"end":{"line":74,"column":3}}},"6":{"name":"(anonymous_6)","decl":{"start":{"line":79,"column":2},"end":{"line":79,"column":7}},"loc":{"start":{"line":79,"column":7},"end":{"line":82,"column":3}}},"7":{"name":"(anonymous_7)","decl":{"start":{"line":87,"column":2},"end":{"line":87,"column":10}},"loc":{"start":{"line":87,"column":10},"end":{"line":92,"column":3}}}},"branchMap":{"0":{"loc":{"start":{"line":29,"column":4},"end":{"line":31,"column":5}},"type":"if","locations":[{"start":{"line":29,"column":4},"end":{"line":31,"column":5}}]},"1":{"loc":{"start":{"line":70,"column":4},"end":{"line":72,"column":5}},"type":"if","locations":[{"start":{"line":70,"column":4},"end":{"line":72,"column":5}}]}},"s":{"0":0,"1":0,"2":0,"3":0,"4":0,"5":0,"6":0,"7":0,"8":0,"9":0,"10":0,"11":0,"12":0,"13":0,"14":0,"15":0,"16":0,"17":0,"18":0,"19":0,"20":0,"21":0,"22":0,"23":0,"24":0,"25":0,"26":0,"27":0,"28":0,"29":0,"30":0,"31":0,"32":0,"33":0,"34":0,"35":0,"36":0,"37":0,"38":0,"39":0,"40":0,"41":0,"42":0,"43":0,"44":0,"45":0,"46":0,"47":0,"48":0,"49":0,"50":0,"51":0,"52":0,"53":0,"54":0,"55":0,"56":0,"57":0,"58":0,"59":0,"60":0,"61":0,"62":0,"63":0,"64":0,"65":0,"66":0,"67":0,"68":0,"69":0,"70":0,"71":0,"72":0,"73":0,"74":0,"75":0,"76":0,"77":0,"78":0,"79":0,"80":0,"81":0,"82":0,"83":0,"84":0,"85":0},"f":{"0":0,"1":0,"2":0,"3":0,"4":0,"5":0,"6":0,"7":0},"b":{"0":[0],"1":[0]}}}}
