<?xml version="1.0" encoding="UTF-8"?>
<testsuites name="jest tests" tests="27" failures="9" errors="0" time="2.242">
  <testsuite name="slackSendMessage Tool - Comprehensive Tests" errors="0" failures="9" skipped="0" timestamp="2025-08-27T01:54:28" time="1.569" tests="27">
    <testcase classname="slackSendMessage Tool - Comprehensive Tests › Basic Functionality" name="should send a simple message successfully" time="0.008">
      <failure>Error: expect(received).toHaveProperty(path)

Matcher error: received value must not be null nor undefined

Received has value: undefined
    at Object.&lt;anonymous&gt; (/home/rama/Desktop/development/mcp_server/slack_mcp/tests/unit/tools/messaging/slackSendMessage.comprehensive.test.ts:48:27)
    at processTicksAndRejections (node:internal/process/task_queues:95:5)</failure>
    </testcase>
    <testcase classname="slackSendMessage Tool - Comprehensive Tests › Basic Functionality" name="should handle channel ID resolution" time="0.003">
    </testcase>
    <testcase classname="slackSendMessage Tool - Comprehensive Tests › Basic Functionality" name="should handle direct messages to users" time="0.002">
      <failure>TypeError: Cannot read properties of undefined (reading &apos;channel_id&apos;)
    at Object.&lt;anonymous&gt; (/home/rama/Desktop/development/mcp_server/slack_mcp/tests/unit/tools/messaging/slackSendMessage.comprehensive.test.ts:77:26)
    at processTicksAndRejections (node:internal/process/task_queues:95:5)</failure>
    </testcase>
    <testcase classname="slackSendMessage Tool - Comprehensive Tests › Advanced Features" name="should send message with Block Kit blocks" time="0.003">
    </testcase>
    <testcase classname="slackSendMessage Tool - Comprehensive Tests › Advanced Features" name="should send threaded message" time="0.003">
    </testcase>
    <testcase classname="slackSendMessage Tool - Comprehensive Tests › Advanced Features" name="should handle message with attachments" time="0.003">
    </testcase>
    <testcase classname="slackSendMessage Tool - Comprehensive Tests › Advanced Features" name="should handle unfurl settings" time="0.002">
    </testcase>
    <testcase classname="slackSendMessage Tool - Comprehensive Tests › Advanced Features" name="should handle reply broadcast" time="0.002">
    </testcase>
    <testcase classname="slackSendMessage Tool - Comprehensive Tests › Input Validation" name="should require channel parameter" time="0.003">
    </testcase>
    <testcase classname="slackSendMessage Tool - Comprehensive Tests › Input Validation" name="should require text parameter" time="0.002">
    </testcase>
    <testcase classname="slackSendMessage Tool - Comprehensive Tests › Input Validation" name="should validate empty text" time="0.003">
    </testcase>
    <testcase classname="slackSendMessage Tool - Comprehensive Tests › Input Validation" name="should handle invalid channel format" time="0.009">
    </testcase>
    <testcase classname="slackSendMessage Tool - Comprehensive Tests › Error Handling" name="should handle Slack API errors" time="0.003">
    </testcase>
    <testcase classname="slackSendMessage Tool - Comprehensive Tests › Error Handling" name="should handle rate limiting" time="0.003">
    </testcase>
    <testcase classname="slackSendMessage Tool - Comprehensive Tests › Error Handling" name="should handle network errors" time="0.002">
    </testcase>
    <testcase classname="slackSendMessage Tool - Comprehensive Tests › Performance and Analytics" name="should track execution time" time="0.003">
      <failure>Error: expect(received).toBeGreaterThan(expected)

Expected: &gt; 0
Received:   0
    at Object.&lt;anonymous&gt; (/home/rama/Desktop/development/mcp_server/slack_mcp/tests/unit/tools/messaging/slackSendMessage.comprehensive.test.ts:306:49)
    at processTicksAndRejections (node:internal/process/task_queues:95:5)</failure>
    </testcase>
    <testcase classname="slackSendMessage Tool - Comprehensive Tests › Performance and Analytics" name="should log tool execution" time="0.004">
      <failure>Error: expect(jest.fn()).toHaveBeenCalledWith(...expected)

Expected: StringContaining &quot;Tool executed successfully&quot;, Any&lt;Object&gt;

Number of calls: 0
    at Object.&lt;anonymous&gt; (/home/rama/Desktop/development/mcp_server/slack_mcp/tests/unit/tools/messaging/slackSendMessage.comprehensive.test.ts:318:31)
    at processTicksAndRejections (node:internal/process/task_queues:95:5)</failure>
    </testcase>
    <testcase classname="slackSendMessage Tool - Comprehensive Tests › Performance and Analytics" name="should include message analytics" time="0.002">
      <failure>Error: expect(received).toHaveProperty(path)

Matcher error: received value must not be null nor undefined

Received has value: undefined
    at Object.&lt;anonymous&gt; (/home/rama/Desktop/development/mcp_server/slack_mcp/tests/unit/tools/messaging/slackSendMessage.comprehensive.test.ts:333:27)
    at processTicksAndRejections (node:internal/process/task_queues:95:5)</failure>
    </testcase>
    <testcase classname="slackSendMessage Tool - Comprehensive Tests › Tool Metadata" name="should have correct tool name" time="0.002">
    </testcase>
    <testcase classname="slackSendMessage Tool - Comprehensive Tests › Tool Metadata" name="should have comprehensive description" time="0.002">
    </testcase>
    <testcase classname="slackSendMessage Tool - Comprehensive Tests › Tool Metadata" name="should have proper input schema" time="0.002">
    </testcase>
    <testcase classname="slackSendMessage Tool - Comprehensive Tests › Integration Scenarios" name="should handle complex message with all features" time="0.002">
    </testcase>
    <testcase classname="slackSendMessage Tool - Comprehensive Tests › Integration Scenarios" name="should handle message to multiple channel types" time="0.002">
      <failure>TypeError: Cannot read properties of undefined (reading &apos;channel_id&apos;)
    at Object.&lt;anonymous&gt; (/home/rama/Desktop/development/mcp_server/slack_mcp/tests/unit/tools/messaging/slackSendMessage.comprehensive.test.ts:429:28)
    at processTicksAndRejections (node:internal/process/task_queues:95:5)</failure>
    </testcase>
    <testcase classname="slackSendMessage Tool - Comprehensive Tests › Edge Cases" name="should handle very long messages" time="0.002">
      <failure>TypeError: Cannot read properties of undefined (reading &apos;message_analytics&apos;)
    at Object.&lt;anonymous&gt; (/home/rama/Desktop/development/mcp_server/slack_mcp/tests/unit/tools/messaging/slackSendMessage.comprehensive.test.ts:446:26)
    at processTicksAndRejections (node:internal/process/task_queues:95:5)</failure>
    </testcase>
    <testcase classname="slackSendMessage Tool - Comprehensive Tests › Edge Cases" name="should handle messages with special characters" time="0.002">
      <failure>TypeError: Cannot read properties of undefined (reading &apos;message_analytics&apos;)
    at Object.&lt;anonymous&gt; (/home/rama/Desktop/development/mcp_server/slack_mcp/tests/unit/tools/messaging/slackSendMessage.comprehensive.test.ts:458:26)
    at processTicksAndRejections (node:internal/process/task_queues:95:5)</failure>
    </testcase>
    <testcase classname="slackSendMessage Tool - Comprehensive Tests › Edge Cases" name="should handle empty blocks array" time="0.009">
    </testcase>
    <testcase classname="slackSendMessage Tool - Comprehensive Tests › Edge Cases" name="should handle null/undefined optional parameters" time="0.003">
      <failure>Error: expect(received).toBe(expected) // Object.is equality

Expected: true
Received: false
    at Object.&lt;anonymous&gt; (/home/rama/Desktop/development/mcp_server/slack_mcp/tests/unit/tools/messaging/slackSendMessage.comprehensive.test.ts:486:30)
    at processTicksAndRejections (node:internal/process/task_queues:95:5)</failure>
    </testcase>
  </testsuite>
</testsuites>